[2024-05-31T16:40:00.327+0000] {processor.py:161} INFO - Started process (PID=72) to work on /home/airflow/.local/lib/python3.8/site-packages/airflow/example_dags/example_short_circuit_operator.py
[2024-05-31T16:40:00.329+0000] {processor.py:830} INFO - Processing file /home/airflow/.local/lib/python3.8/site-packages/airflow/example_dags/example_short_circuit_operator.py for tasks to queue
[2024-05-31T16:40:00.331+0000] {logging_mixin.py:188} INFO - [2024-05-31T16:40:00.330+0000] {dagbag.py:538} INFO - Filling up the DagBag from /home/airflow/.local/lib/python3.8/site-packages/airflow/example_dags/example_short_circuit_operator.py
[2024-05-31T16:40:00.345+0000] {processor.py:840} INFO - DAG(s) 'example_short_circuit_operator' retrieved from /home/airflow/.local/lib/python3.8/site-packages/airflow/example_dags/example_short_circuit_operator.py
[2024-05-31T16:40:00.491+0000] {logging_mixin.py:188} INFO - [2024-05-31T16:40:00.491+0000] {dag.py:3036} INFO - Sync 1 DAGs
[2024-05-31T16:40:00.570+0000] {logging_mixin.py:188} INFO - [2024-05-31T16:40:00.569+0000] {dag.py:3823} INFO - Setting next_dagrun for example_short_circuit_operator to 2024-05-30 00:00:00+00:00, run_after=2024-05-31 00:00:00+00:00
[2024-05-31T16:40:00.619+0000] {processor.py:183} INFO - Processing /home/airflow/.local/lib/python3.8/site-packages/airflow/example_dags/example_short_circuit_operator.py took 0.298 seconds
[2024-05-31T16:40:31.790+0000] {processor.py:161} INFO - Started process (PID=127) to work on /home/airflow/.local/lib/python3.8/site-packages/airflow/example_dags/example_short_circuit_operator.py
[2024-05-31T16:40:31.793+0000] {processor.py:830} INFO - Processing file /home/airflow/.local/lib/python3.8/site-packages/airflow/example_dags/example_short_circuit_operator.py for tasks to queue
[2024-05-31T16:40:31.795+0000] {logging_mixin.py:188} INFO - [2024-05-31T16:40:31.795+0000] {dagbag.py:538} INFO - Filling up the DagBag from /home/airflow/.local/lib/python3.8/site-packages/airflow/example_dags/example_short_circuit_operator.py
[2024-05-31T16:40:31.812+0000] {processor.py:840} INFO - DAG(s) 'example_short_circuit_operator' retrieved from /home/airflow/.local/lib/python3.8/site-packages/airflow/example_dags/example_short_circuit_operator.py
[2024-05-31T16:40:31.832+0000] {logging_mixin.py:188} INFO - [2024-05-31T16:40:31.831+0000] {dag.py:3036} INFO - Sync 1 DAGs
[2024-05-31T16:40:31.943+0000] {logging_mixin.py:188} INFO - [2024-05-31T16:40:31.943+0000] {dag.py:3823} INFO - Setting next_dagrun for example_short_circuit_operator to 2024-05-30 00:00:00+00:00, run_after=2024-05-31 00:00:00+00:00
[2024-05-31T16:40:31.995+0000] {processor.py:183} INFO - Processing /home/airflow/.local/lib/python3.8/site-packages/airflow/example_dags/example_short_circuit_operator.py took 0.209 seconds
[2024-05-31T16:41:02.860+0000] {processor.py:161} INFO - Started process (PID=183) to work on /home/airflow/.local/lib/python3.8/site-packages/airflow/example_dags/example_short_circuit_operator.py
[2024-05-31T16:41:02.862+0000] {processor.py:830} INFO - Processing file /home/airflow/.local/lib/python3.8/site-packages/airflow/example_dags/example_short_circuit_operator.py for tasks to queue
[2024-05-31T16:41:02.863+0000] {logging_mixin.py:188} INFO - [2024-05-31T16:41:02.862+0000] {dagbag.py:538} INFO - Filling up the DagBag from /home/airflow/.local/lib/python3.8/site-packages/airflow/example_dags/example_short_circuit_operator.py
[2024-05-31T16:41:02.874+0000] {processor.py:840} INFO - DAG(s) 'example_short_circuit_operator' retrieved from /home/airflow/.local/lib/python3.8/site-packages/airflow/example_dags/example_short_circuit_operator.py
[2024-05-31T16:41:03.012+0000] {logging_mixin.py:188} INFO - [2024-05-31T16:41:03.012+0000] {dag.py:3036} INFO - Sync 1 DAGs
[2024-05-31T16:41:03.038+0000] {logging_mixin.py:188} INFO - [2024-05-31T16:41:03.038+0000] {dag.py:3823} INFO - Setting next_dagrun for example_short_circuit_operator to 2024-05-30 00:00:00+00:00, run_after=2024-05-31 00:00:00+00:00
[2024-05-31T16:41:03.062+0000] {processor.py:183} INFO - Processing /home/airflow/.local/lib/python3.8/site-packages/airflow/example_dags/example_short_circuit_operator.py took 0.207 seconds
[2024-05-31T16:41:33.846+0000] {processor.py:161} INFO - Started process (PID=239) to work on /home/airflow/.local/lib/python3.8/site-packages/airflow/example_dags/example_short_circuit_operator.py
[2024-05-31T16:41:33.847+0000] {processor.py:830} INFO - Processing file /home/airflow/.local/lib/python3.8/site-packages/airflow/example_dags/example_short_circuit_operator.py for tasks to queue
[2024-05-31T16:41:33.848+0000] {logging_mixin.py:188} INFO - [2024-05-31T16:41:33.847+0000] {dagbag.py:538} INFO - Filling up the DagBag from /home/airflow/.local/lib/python3.8/site-packages/airflow/example_dags/example_short_circuit_operator.py
[2024-05-31T16:41:33.855+0000] {processor.py:840} INFO - DAG(s) 'example_short_circuit_operator' retrieved from /home/airflow/.local/lib/python3.8/site-packages/airflow/example_dags/example_short_circuit_operator.py
[2024-05-31T16:41:33.875+0000] {logging_mixin.py:188} INFO - [2024-05-31T16:41:33.874+0000] {dag.py:3036} INFO - Sync 1 DAGs
[2024-05-31T16:41:33.897+0000] {logging_mixin.py:188} INFO - [2024-05-31T16:41:33.897+0000] {dag.py:3823} INFO - Setting next_dagrun for example_short_circuit_operator to 2024-05-30 00:00:00+00:00, run_after=2024-05-31 00:00:00+00:00
[2024-05-31T16:41:33.916+0000] {processor.py:183} INFO - Processing /home/airflow/.local/lib/python3.8/site-packages/airflow/example_dags/example_short_circuit_operator.py took 0.072 seconds
[2024-05-31T16:42:04.000+0000] {processor.py:161} INFO - Started process (PID=295) to work on /home/airflow/.local/lib/python3.8/site-packages/airflow/example_dags/example_short_circuit_operator.py
[2024-05-31T16:42:04.001+0000] {processor.py:830} INFO - Processing file /home/airflow/.local/lib/python3.8/site-packages/airflow/example_dags/example_short_circuit_operator.py for tasks to queue
[2024-05-31T16:42:04.002+0000] {logging_mixin.py:188} INFO - [2024-05-31T16:42:04.002+0000] {dagbag.py:538} INFO - Filling up the DagBag from /home/airflow/.local/lib/python3.8/site-packages/airflow/example_dags/example_short_circuit_operator.py
[2024-05-31T16:42:04.011+0000] {processor.py:840} INFO - DAG(s) 'example_short_circuit_operator' retrieved from /home/airflow/.local/lib/python3.8/site-packages/airflow/example_dags/example_short_circuit_operator.py
[2024-05-31T16:42:04.035+0000] {logging_mixin.py:188} INFO - [2024-05-31T16:42:04.035+0000] {dag.py:3036} INFO - Sync 1 DAGs
[2024-05-31T16:42:04.063+0000] {logging_mixin.py:188} INFO - [2024-05-31T16:42:04.063+0000] {dag.py:3823} INFO - Setting next_dagrun for example_short_circuit_operator to 2024-05-30 00:00:00+00:00, run_after=2024-05-31 00:00:00+00:00
[2024-05-31T16:42:04.083+0000] {processor.py:183} INFO - Processing /home/airflow/.local/lib/python3.8/site-packages/airflow/example_dags/example_short_circuit_operator.py took 0.086 seconds
