[2024-05-31T16:40:01.124+0000] {processor.py:161} INFO - Started process (PID=75) to work on /home/airflow/.local/lib/python3.8/site-packages/airflow/example_dags/example_bash_operator.py
[2024-05-31T16:40:01.125+0000] {processor.py:830} INFO - Processing file /home/airflow/.local/lib/python3.8/site-packages/airflow/example_dags/example_bash_operator.py for tasks to queue
[2024-05-31T16:40:01.127+0000] {logging_mixin.py:188} INFO - [2024-05-31T16:40:01.126+0000] {dagbag.py:538} INFO - Filling up the DagBag from /home/airflow/.local/lib/python3.8/site-packages/airflow/example_dags/example_bash_operator.py
[2024-05-31T16:40:01.144+0000] {processor.py:840} INFO - DAG(s) 'example_bash_operator' retrieved from /home/airflow/.local/lib/python3.8/site-packages/airflow/example_dags/example_bash_operator.py
[2024-05-31T16:40:01.503+0000] {logging_mixin.py:188} INFO - [2024-05-31T16:40:01.503+0000] {dag.py:3036} INFO - Sync 1 DAGs
[2024-05-31T16:40:01.571+0000] {logging_mixin.py:188} INFO - [2024-05-31T16:40:01.571+0000] {dag.py:3823} INFO - Setting next_dagrun for example_bash_operator to 2024-05-30 00:00:00+00:00, run_after=2024-05-31 00:00:00+00:00
[2024-05-31T16:40:01.612+0000] {processor.py:183} INFO - Processing /home/airflow/.local/lib/python3.8/site-packages/airflow/example_dags/example_bash_operator.py took 0.494 seconds
[2024-05-31T16:40:32.150+0000] {processor.py:161} INFO - Started process (PID=130) to work on /home/airflow/.local/lib/python3.8/site-packages/airflow/example_dags/example_bash_operator.py
[2024-05-31T16:40:32.153+0000] {processor.py:830} INFO - Processing file /home/airflow/.local/lib/python3.8/site-packages/airflow/example_dags/example_bash_operator.py for tasks to queue
[2024-05-31T16:40:32.155+0000] {logging_mixin.py:188} INFO - [2024-05-31T16:40:32.154+0000] {dagbag.py:538} INFO - Filling up the DagBag from /home/airflow/.local/lib/python3.8/site-packages/airflow/example_dags/example_bash_operator.py
[2024-05-31T16:40:32.211+0000] {processor.py:840} INFO - DAG(s) 'example_bash_operator' retrieved from /home/airflow/.local/lib/python3.8/site-packages/airflow/example_dags/example_bash_operator.py
[2024-05-31T16:40:32.250+0000] {logging_mixin.py:188} INFO - [2024-05-31T16:40:32.250+0000] {dag.py:3036} INFO - Sync 1 DAGs
[2024-05-31T16:40:32.301+0000] {logging_mixin.py:188} INFO - [2024-05-31T16:40:32.300+0000] {dag.py:3823} INFO - Setting next_dagrun for example_bash_operator to 2024-05-30 00:00:00+00:00, run_after=2024-05-31 00:00:00+00:00
[2024-05-31T16:40:32.356+0000] {processor.py:183} INFO - Processing /home/airflow/.local/lib/python3.8/site-packages/airflow/example_dags/example_bash_operator.py took 0.210 seconds
[2024-05-31T16:41:03.211+0000] {processor.py:161} INFO - Started process (PID=186) to work on /home/airflow/.local/lib/python3.8/site-packages/airflow/example_dags/example_bash_operator.py
[2024-05-31T16:41:03.213+0000] {processor.py:830} INFO - Processing file /home/airflow/.local/lib/python3.8/site-packages/airflow/example_dags/example_bash_operator.py for tasks to queue
[2024-05-31T16:41:03.214+0000] {logging_mixin.py:188} INFO - [2024-05-31T16:41:03.213+0000] {dagbag.py:538} INFO - Filling up the DagBag from /home/airflow/.local/lib/python3.8/site-packages/airflow/example_dags/example_bash_operator.py
[2024-05-31T16:41:03.225+0000] {processor.py:840} INFO - DAG(s) 'example_bash_operator' retrieved from /home/airflow/.local/lib/python3.8/site-packages/airflow/example_dags/example_bash_operator.py
[2024-05-31T16:41:03.354+0000] {logging_mixin.py:188} INFO - [2024-05-31T16:41:03.354+0000] {dag.py:3036} INFO - Sync 1 DAGs
[2024-05-31T16:41:03.405+0000] {logging_mixin.py:188} INFO - [2024-05-31T16:41:03.405+0000] {dag.py:3823} INFO - Setting next_dagrun for example_bash_operator to 2024-05-30 00:00:00+00:00, run_after=2024-05-31 00:00:00+00:00
[2024-05-31T16:41:03.457+0000] {processor.py:183} INFO - Processing /home/airflow/.local/lib/python3.8/site-packages/airflow/example_dags/example_bash_operator.py took 0.248 seconds
[2024-05-31T16:41:34.012+0000] {processor.py:161} INFO - Started process (PID=242) to work on /home/airflow/.local/lib/python3.8/site-packages/airflow/example_dags/example_bash_operator.py
[2024-05-31T16:41:34.013+0000] {processor.py:830} INFO - Processing file /home/airflow/.local/lib/python3.8/site-packages/airflow/example_dags/example_bash_operator.py for tasks to queue
[2024-05-31T16:41:34.014+0000] {logging_mixin.py:188} INFO - [2024-05-31T16:41:34.014+0000] {dagbag.py:538} INFO - Filling up the DagBag from /home/airflow/.local/lib/python3.8/site-packages/airflow/example_dags/example_bash_operator.py
[2024-05-31T16:41:34.025+0000] {processor.py:840} INFO - DAG(s) 'example_bash_operator' retrieved from /home/airflow/.local/lib/python3.8/site-packages/airflow/example_dags/example_bash_operator.py
[2024-05-31T16:41:34.056+0000] {logging_mixin.py:188} INFO - [2024-05-31T16:41:34.056+0000] {dag.py:3036} INFO - Sync 1 DAGs
[2024-05-31T16:41:34.080+0000] {logging_mixin.py:188} INFO - [2024-05-31T16:41:34.079+0000] {dag.py:3823} INFO - Setting next_dagrun for example_bash_operator to 2024-05-30 00:00:00+00:00, run_after=2024-05-31 00:00:00+00:00
[2024-05-31T16:41:34.099+0000] {processor.py:183} INFO - Processing /home/airflow/.local/lib/python3.8/site-packages/airflow/example_dags/example_bash_operator.py took 0.090 seconds
[2024-05-31T16:42:04.122+0000] {processor.py:161} INFO - Started process (PID=298) to work on /home/airflow/.local/lib/python3.8/site-packages/airflow/example_dags/example_bash_operator.py
[2024-05-31T16:42:04.123+0000] {processor.py:830} INFO - Processing file /home/airflow/.local/lib/python3.8/site-packages/airflow/example_dags/example_bash_operator.py for tasks to queue
[2024-05-31T16:42:04.125+0000] {logging_mixin.py:188} INFO - [2024-05-31T16:42:04.124+0000] {dagbag.py:538} INFO - Filling up the DagBag from /home/airflow/.local/lib/python3.8/site-packages/airflow/example_dags/example_bash_operator.py
[2024-05-31T16:42:04.136+0000] {processor.py:840} INFO - DAG(s) 'example_bash_operator' retrieved from /home/airflow/.local/lib/python3.8/site-packages/airflow/example_dags/example_bash_operator.py
[2024-05-31T16:42:04.164+0000] {logging_mixin.py:188} INFO - [2024-05-31T16:42:04.164+0000] {dag.py:3036} INFO - Sync 1 DAGs
[2024-05-31T16:42:04.185+0000] {logging_mixin.py:188} INFO - [2024-05-31T16:42:04.184+0000] {dag.py:3823} INFO - Setting next_dagrun for example_bash_operator to 2024-05-30 00:00:00+00:00, run_after=2024-05-31 00:00:00+00:00
[2024-05-31T16:42:04.203+0000] {processor.py:183} INFO - Processing /home/airflow/.local/lib/python3.8/site-packages/airflow/example_dags/example_bash_operator.py took 0.084 seconds
