[2024-05-31T16:40:04.212+0000] {processor.py:161} INFO - Started process (PID=87) to work on /home/airflow/.local/lib/python3.8/site-packages/airflow/example_dags/example_setup_teardown.py
[2024-05-31T16:40:04.214+0000] {processor.py:830} INFO - Processing file /home/airflow/.local/lib/python3.8/site-packages/airflow/example_dags/example_setup_teardown.py for tasks to queue
[2024-05-31T16:40:04.215+0000] {logging_mixin.py:188} INFO - [2024-05-31T16:40:04.215+0000] {dagbag.py:538} INFO - Filling up the DagBag from /home/airflow/.local/lib/python3.8/site-packages/airflow/example_dags/example_setup_teardown.py
[2024-05-31T16:40:04.226+0000] {processor.py:840} INFO - DAG(s) 'example_setup_teardown' retrieved from /home/airflow/.local/lib/python3.8/site-packages/airflow/example_dags/example_setup_teardown.py
[2024-05-31T16:40:04.416+0000] {logging_mixin.py:188} INFO - [2024-05-31T16:40:04.415+0000] {dag.py:3036} INFO - Sync 1 DAGs
[2024-05-31T16:40:04.490+0000] {logging_mixin.py:188} INFO - [2024-05-31T16:40:04.489+0000] {dag.py:3823} INFO - Setting next_dagrun for example_setup_teardown to 2024-05-30 00:00:00+00:00, run_after=2024-05-31 00:00:00+00:00
[2024-05-31T16:40:04.551+0000] {processor.py:183} INFO - Processing /home/airflow/.local/lib/python3.8/site-packages/airflow/example_dags/example_setup_teardown.py took 0.343 seconds
[2024-05-31T16:40:34.650+0000] {processor.py:161} INFO - Started process (PID=142) to work on /home/airflow/.local/lib/python3.8/site-packages/airflow/example_dags/example_setup_teardown.py
[2024-05-31T16:40:34.652+0000] {processor.py:830} INFO - Processing file /home/airflow/.local/lib/python3.8/site-packages/airflow/example_dags/example_setup_teardown.py for tasks to queue
[2024-05-31T16:40:34.654+0000] {logging_mixin.py:188} INFO - [2024-05-31T16:40:34.653+0000] {dagbag.py:538} INFO - Filling up the DagBag from /home/airflow/.local/lib/python3.8/site-packages/airflow/example_dags/example_setup_teardown.py
[2024-05-31T16:40:34.672+0000] {processor.py:840} INFO - DAG(s) 'example_setup_teardown' retrieved from /home/airflow/.local/lib/python3.8/site-packages/airflow/example_dags/example_setup_teardown.py
[2024-05-31T16:40:34.697+0000] {logging_mixin.py:188} INFO - [2024-05-31T16:40:34.696+0000] {dag.py:3036} INFO - Sync 1 DAGs
[2024-05-31T16:40:34.750+0000] {logging_mixin.py:188} INFO - [2024-05-31T16:40:34.750+0000] {dag.py:3823} INFO - Setting next_dagrun for example_setup_teardown to 2024-05-30 00:00:00+00:00, run_after=2024-05-31 00:00:00+00:00
[2024-05-31T16:40:34.785+0000] {processor.py:183} INFO - Processing /home/airflow/.local/lib/python3.8/site-packages/airflow/example_dags/example_setup_teardown.py took 0.139 seconds
[2024-05-31T16:41:05.613+0000] {processor.py:161} INFO - Started process (PID=198) to work on /home/airflow/.local/lib/python3.8/site-packages/airflow/example_dags/example_setup_teardown.py
[2024-05-31T16:41:05.614+0000] {processor.py:830} INFO - Processing file /home/airflow/.local/lib/python3.8/site-packages/airflow/example_dags/example_setup_teardown.py for tasks to queue
[2024-05-31T16:41:05.615+0000] {logging_mixin.py:188} INFO - [2024-05-31T16:41:05.615+0000] {dagbag.py:538} INFO - Filling up the DagBag from /home/airflow/.local/lib/python3.8/site-packages/airflow/example_dags/example_setup_teardown.py
[2024-05-31T16:41:05.622+0000] {processor.py:840} INFO - DAG(s) 'example_setup_teardown' retrieved from /home/airflow/.local/lib/python3.8/site-packages/airflow/example_dags/example_setup_teardown.py
[2024-05-31T16:41:05.752+0000] {logging_mixin.py:188} INFO - [2024-05-31T16:41:05.751+0000] {dag.py:3036} INFO - Sync 1 DAGs
[2024-05-31T16:41:05.791+0000] {logging_mixin.py:188} INFO - [2024-05-31T16:41:05.791+0000] {dag.py:3823} INFO - Setting next_dagrun for example_setup_teardown to 2024-05-30 00:00:00+00:00, run_after=2024-05-31 00:00:00+00:00
[2024-05-31T16:41:05.820+0000] {processor.py:183} INFO - Processing /home/airflow/.local/lib/python3.8/site-packages/airflow/example_dags/example_setup_teardown.py took 0.211 seconds
[2024-05-31T16:41:36.617+0000] {processor.py:161} INFO - Started process (PID=254) to work on /home/airflow/.local/lib/python3.8/site-packages/airflow/example_dags/example_setup_teardown.py
[2024-05-31T16:41:36.618+0000] {processor.py:830} INFO - Processing file /home/airflow/.local/lib/python3.8/site-packages/airflow/example_dags/example_setup_teardown.py for tasks to queue
[2024-05-31T16:41:36.619+0000] {logging_mixin.py:188} INFO - [2024-05-31T16:41:36.619+0000] {dagbag.py:538} INFO - Filling up the DagBag from /home/airflow/.local/lib/python3.8/site-packages/airflow/example_dags/example_setup_teardown.py
[2024-05-31T16:41:36.625+0000] {processor.py:840} INFO - DAG(s) 'example_setup_teardown' retrieved from /home/airflow/.local/lib/python3.8/site-packages/airflow/example_dags/example_setup_teardown.py
[2024-05-31T16:41:36.646+0000] {logging_mixin.py:188} INFO - [2024-05-31T16:41:36.646+0000] {dag.py:3036} INFO - Sync 1 DAGs
[2024-05-31T16:41:36.668+0000] {logging_mixin.py:188} INFO - [2024-05-31T16:41:36.668+0000] {dag.py:3823} INFO - Setting next_dagrun for example_setup_teardown to 2024-05-30 00:00:00+00:00, run_after=2024-05-31 00:00:00+00:00
[2024-05-31T16:41:36.688+0000] {processor.py:183} INFO - Processing /home/airflow/.local/lib/python3.8/site-packages/airflow/example_dags/example_setup_teardown.py took 0.073 seconds
[2024-05-31T16:42:06.805+0000] {processor.py:161} INFO - Started process (PID=311) to work on /home/airflow/.local/lib/python3.8/site-packages/airflow/example_dags/example_setup_teardown.py
[2024-05-31T16:42:06.806+0000] {processor.py:830} INFO - Processing file /home/airflow/.local/lib/python3.8/site-packages/airflow/example_dags/example_setup_teardown.py for tasks to queue
[2024-05-31T16:42:06.807+0000] {logging_mixin.py:188} INFO - [2024-05-31T16:42:06.806+0000] {dagbag.py:538} INFO - Filling up the DagBag from /home/airflow/.local/lib/python3.8/site-packages/airflow/example_dags/example_setup_teardown.py
[2024-05-31T16:42:06.813+0000] {processor.py:840} INFO - DAG(s) 'example_setup_teardown' retrieved from /home/airflow/.local/lib/python3.8/site-packages/airflow/example_dags/example_setup_teardown.py
[2024-05-31T16:42:06.834+0000] {logging_mixin.py:188} INFO - [2024-05-31T16:42:06.834+0000] {dag.py:3036} INFO - Sync 1 DAGs
[2024-05-31T16:42:06.854+0000] {logging_mixin.py:188} INFO - [2024-05-31T16:42:06.853+0000] {dag.py:3823} INFO - Setting next_dagrun for example_setup_teardown to 2024-05-30 00:00:00+00:00, run_after=2024-05-31 00:00:00+00:00
[2024-05-31T16:42:06.872+0000] {processor.py:183} INFO - Processing /home/airflow/.local/lib/python3.8/site-packages/airflow/example_dags/example_setup_teardown.py took 0.070 seconds
