[2024-05-31T16:40:03.807+0000] {processor.py:161} INFO - Started process (PID=85) to work on /home/airflow/.local/lib/python3.8/site-packages/airflow/example_dags/example_sensors.py
[2024-05-31T16:40:03.809+0000] {processor.py:830} INFO - Processing file /home/airflow/.local/lib/python3.8/site-packages/airflow/example_dags/example_sensors.py for tasks to queue
[2024-05-31T16:40:03.810+0000] {logging_mixin.py:188} INFO - [2024-05-31T16:40:03.810+0000] {dagbag.py:538} INFO - Filling up the DagBag from /home/airflow/.local/lib/python3.8/site-packages/airflow/example_dags/example_sensors.py
[2024-05-31T16:40:03.854+0000] {processor.py:840} INFO - DAG(s) 'example_sensors' retrieved from /home/airflow/.local/lib/python3.8/site-packages/airflow/example_dags/example_sensors.py
[2024-05-31T16:40:04.098+0000] {logging_mixin.py:188} INFO - [2024-05-31T16:40:04.097+0000] {dag.py:3036} INFO - Sync 1 DAGs
[2024-05-31T16:40:04.120+0000] {logging_mixin.py:188} INFO - [2024-05-31T16:40:04.119+0000] {dag.py:3823} INFO - Setting next_dagrun for example_sensors to None, run_after=None
[2024-05-31T16:40:04.170+0000] {processor.py:183} INFO - Processing /home/airflow/.local/lib/python3.8/site-packages/airflow/example_dags/example_sensors.py took 0.367 seconds
[2024-05-31T16:40:34.459+0000] {processor.py:161} INFO - Started process (PID=140) to work on /home/airflow/.local/lib/python3.8/site-packages/airflow/example_dags/example_sensors.py
[2024-05-31T16:40:34.460+0000] {processor.py:830} INFO - Processing file /home/airflow/.local/lib/python3.8/site-packages/airflow/example_dags/example_sensors.py for tasks to queue
[2024-05-31T16:40:34.462+0000] {logging_mixin.py:188} INFO - [2024-05-31T16:40:34.461+0000] {dagbag.py:538} INFO - Filling up the DagBag from /home/airflow/.local/lib/python3.8/site-packages/airflow/example_dags/example_sensors.py
[2024-05-31T16:40:34.476+0000] {processor.py:840} INFO - DAG(s) 'example_sensors' retrieved from /home/airflow/.local/lib/python3.8/site-packages/airflow/example_dags/example_sensors.py
[2024-05-31T16:40:34.497+0000] {logging_mixin.py:188} INFO - [2024-05-31T16:40:34.496+0000] {dag.py:3036} INFO - Sync 1 DAGs
[2024-05-31T16:40:34.519+0000] {logging_mixin.py:188} INFO - [2024-05-31T16:40:34.519+0000] {dag.py:3823} INFO - Setting next_dagrun for example_sensors to None, run_after=None
[2024-05-31T16:40:34.547+0000] {processor.py:183} INFO - Processing /home/airflow/.local/lib/python3.8/site-packages/airflow/example_dags/example_sensors.py took 0.093 seconds
[2024-05-31T16:41:05.398+0000] {processor.py:161} INFO - Started process (PID=196) to work on /home/airflow/.local/lib/python3.8/site-packages/airflow/example_dags/example_sensors.py
[2024-05-31T16:41:05.400+0000] {processor.py:830} INFO - Processing file /home/airflow/.local/lib/python3.8/site-packages/airflow/example_dags/example_sensors.py for tasks to queue
[2024-05-31T16:41:05.401+0000] {logging_mixin.py:188} INFO - [2024-05-31T16:41:05.401+0000] {dagbag.py:538} INFO - Filling up the DagBag from /home/airflow/.local/lib/python3.8/site-packages/airflow/example_dags/example_sensors.py
[2024-05-31T16:41:05.411+0000] {processor.py:840} INFO - DAG(s) 'example_sensors' retrieved from /home/airflow/.local/lib/python3.8/site-packages/airflow/example_dags/example_sensors.py
[2024-05-31T16:41:05.546+0000] {logging_mixin.py:188} INFO - [2024-05-31T16:41:05.546+0000] {dag.py:3036} INFO - Sync 1 DAGs
[2024-05-31T16:41:05.559+0000] {logging_mixin.py:188} INFO - [2024-05-31T16:41:05.558+0000] {dag.py:3823} INFO - Setting next_dagrun for example_sensors to None, run_after=None
[2024-05-31T16:41:05.583+0000] {processor.py:183} INFO - Processing /home/airflow/.local/lib/python3.8/site-packages/airflow/example_dags/example_sensors.py took 0.189 seconds
[2024-05-31T16:41:36.531+0000] {processor.py:161} INFO - Started process (PID=252) to work on /home/airflow/.local/lib/python3.8/site-packages/airflow/example_dags/example_sensors.py
[2024-05-31T16:41:36.533+0000] {processor.py:830} INFO - Processing file /home/airflow/.local/lib/python3.8/site-packages/airflow/example_dags/example_sensors.py for tasks to queue
[2024-05-31T16:41:36.534+0000] {logging_mixin.py:188} INFO - [2024-05-31T16:41:36.533+0000] {dagbag.py:538} INFO - Filling up the DagBag from /home/airflow/.local/lib/python3.8/site-packages/airflow/example_dags/example_sensors.py
[2024-05-31T16:41:36.542+0000] {processor.py:840} INFO - DAG(s) 'example_sensors' retrieved from /home/airflow/.local/lib/python3.8/site-packages/airflow/example_dags/example_sensors.py
[2024-05-31T16:41:36.566+0000] {logging_mixin.py:188} INFO - [2024-05-31T16:41:36.565+0000] {dag.py:3036} INFO - Sync 1 DAGs
[2024-05-31T16:41:36.576+0000] {logging_mixin.py:188} INFO - [2024-05-31T16:41:36.576+0000] {dag.py:3823} INFO - Setting next_dagrun for example_sensors to None, run_after=None
[2024-05-31T16:41:36.595+0000] {processor.py:183} INFO - Processing /home/airflow/.local/lib/python3.8/site-packages/airflow/example_dags/example_sensors.py took 0.067 seconds
[2024-05-31T16:42:06.708+0000] {processor.py:161} INFO - Started process (PID=308) to work on /home/airflow/.local/lib/python3.8/site-packages/airflow/example_dags/example_sensors.py
[2024-05-31T16:42:06.709+0000] {processor.py:830} INFO - Processing file /home/airflow/.local/lib/python3.8/site-packages/airflow/example_dags/example_sensors.py for tasks to queue
[2024-05-31T16:42:06.710+0000] {logging_mixin.py:188} INFO - [2024-05-31T16:42:06.710+0000] {dagbag.py:538} INFO - Filling up the DagBag from /home/airflow/.local/lib/python3.8/site-packages/airflow/example_dags/example_sensors.py
[2024-05-31T16:42:06.718+0000] {processor.py:840} INFO - DAG(s) 'example_sensors' retrieved from /home/airflow/.local/lib/python3.8/site-packages/airflow/example_dags/example_sensors.py
[2024-05-31T16:42:06.740+0000] {logging_mixin.py:188} INFO - [2024-05-31T16:42:06.740+0000] {dag.py:3036} INFO - Sync 1 DAGs
[2024-05-31T16:42:06.752+0000] {logging_mixin.py:188} INFO - [2024-05-31T16:42:06.751+0000] {dag.py:3823} INFO - Setting next_dagrun for example_sensors to None, run_after=None
[2024-05-31T16:42:06.769+0000] {processor.py:183} INFO - Processing /home/airflow/.local/lib/python3.8/site-packages/airflow/example_dags/example_sensors.py took 0.064 seconds
