[2024-05-31T16:39:59.387+0000] {processor.py:161} INFO - Started process (PID=70) to work on /home/airflow/.local/lib/python3.8/site-packages/airflow/example_dags/example_task_group.py
[2024-05-31T16:39:59.389+0000] {processor.py:830} INFO - Processing file /home/airflow/.local/lib/python3.8/site-packages/airflow/example_dags/example_task_group.py for tasks to queue
[2024-05-31T16:39:59.390+0000] {logging_mixin.py:188} INFO - [2024-05-31T16:39:59.390+0000] {dagbag.py:538} INFO - Filling up the DagBag from /home/airflow/.local/lib/python3.8/site-packages/airflow/example_dags/example_task_group.py
[2024-05-31T16:39:59.404+0000] {processor.py:840} INFO - DAG(s) 'example_task_group' retrieved from /home/airflow/.local/lib/python3.8/site-packages/airflow/example_dags/example_task_group.py
[2024-05-31T16:39:59.578+0000] {logging_mixin.py:188} INFO - [2024-05-31T16:39:59.578+0000] {dag.py:3036} INFO - Sync 1 DAGs
[2024-05-31T16:39:59.620+0000] {logging_mixin.py:188} INFO - [2024-05-31T16:39:59.618+0000] {dag.py:3823} INFO - Setting next_dagrun for example_task_group to 2024-05-30 00:00:00+00:00, run_after=2024-05-31 00:00:00+00:00
[2024-05-31T16:39:59.666+0000] {processor.py:183} INFO - Processing /home/airflow/.local/lib/python3.8/site-packages/airflow/example_dags/example_task_group.py took 0.283 seconds
[2024-05-31T16:40:30.750+0000] {processor.py:161} INFO - Started process (PID=125) to work on /home/airflow/.local/lib/python3.8/site-packages/airflow/example_dags/example_task_group.py
[2024-05-31T16:40:30.758+0000] {processor.py:830} INFO - Processing file /home/airflow/.local/lib/python3.8/site-packages/airflow/example_dags/example_task_group.py for tasks to queue
[2024-05-31T16:40:30.764+0000] {logging_mixin.py:188} INFO - [2024-05-31T16:40:30.761+0000] {dagbag.py:538} INFO - Filling up the DagBag from /home/airflow/.local/lib/python3.8/site-packages/airflow/example_dags/example_task_group.py
[2024-05-31T16:40:30.943+0000] {processor.py:840} INFO - DAG(s) 'example_task_group' retrieved from /home/airflow/.local/lib/python3.8/site-packages/airflow/example_dags/example_task_group.py
[2024-05-31T16:40:31.008+0000] {logging_mixin.py:188} INFO - [2024-05-31T16:40:31.007+0000] {dag.py:3036} INFO - Sync 1 DAGs
[2024-05-31T16:40:31.657+0000] {logging_mixin.py:188} INFO - [2024-05-31T16:40:31.655+0000] {dag.py:3823} INFO - Setting next_dagrun for example_task_group to 2024-05-30 00:00:00+00:00, run_after=2024-05-31 00:00:00+00:00
[2024-05-31T16:40:31.717+0000] {processor.py:183} INFO - Processing /home/airflow/.local/lib/python3.8/site-packages/airflow/example_dags/example_task_group.py took 0.999 seconds
[2024-05-31T16:41:02.176+0000] {processor.py:161} INFO - Started process (PID=181) to work on /home/airflow/.local/lib/python3.8/site-packages/airflow/example_dags/example_task_group.py
[2024-05-31T16:41:02.178+0000] {processor.py:830} INFO - Processing file /home/airflow/.local/lib/python3.8/site-packages/airflow/example_dags/example_task_group.py for tasks to queue
[2024-05-31T16:41:02.180+0000] {logging_mixin.py:188} INFO - [2024-05-31T16:41:02.180+0000] {dagbag.py:538} INFO - Filling up the DagBag from /home/airflow/.local/lib/python3.8/site-packages/airflow/example_dags/example_task_group.py
[2024-05-31T16:41:02.224+0000] {processor.py:840} INFO - DAG(s) 'example_task_group' retrieved from /home/airflow/.local/lib/python3.8/site-packages/airflow/example_dags/example_task_group.py
[2024-05-31T16:41:02.577+0000] {logging_mixin.py:188} INFO - [2024-05-31T16:41:02.576+0000] {dag.py:3036} INFO - Sync 1 DAGs
[2024-05-31T16:41:02.649+0000] {logging_mixin.py:188} INFO - [2024-05-31T16:41:02.649+0000] {dag.py:3823} INFO - Setting next_dagrun for example_task_group to 2024-05-30 00:00:00+00:00, run_after=2024-05-31 00:00:00+00:00
[2024-05-31T16:41:02.693+0000] {processor.py:183} INFO - Processing /home/airflow/.local/lib/python3.8/site-packages/airflow/example_dags/example_task_group.py took 0.521 seconds
[2024-05-31T16:41:32.736+0000] {processor.py:161} INFO - Started process (PID=236) to work on /home/airflow/.local/lib/python3.8/site-packages/airflow/example_dags/example_task_group.py
[2024-05-31T16:41:32.737+0000] {processor.py:830} INFO - Processing file /home/airflow/.local/lib/python3.8/site-packages/airflow/example_dags/example_task_group.py for tasks to queue
[2024-05-31T16:41:32.738+0000] {logging_mixin.py:188} INFO - [2024-05-31T16:41:32.738+0000] {dagbag.py:538} INFO - Filling up the DagBag from /home/airflow/.local/lib/python3.8/site-packages/airflow/example_dags/example_task_group.py
[2024-05-31T16:41:32.746+0000] {processor.py:840} INFO - DAG(s) 'example_task_group' retrieved from /home/airflow/.local/lib/python3.8/site-packages/airflow/example_dags/example_task_group.py
[2024-05-31T16:41:32.768+0000] {logging_mixin.py:188} INFO - [2024-05-31T16:41:32.768+0000] {dag.py:3036} INFO - Sync 1 DAGs
[2024-05-31T16:41:32.791+0000] {logging_mixin.py:188} INFO - [2024-05-31T16:41:32.790+0000] {dag.py:3823} INFO - Setting next_dagrun for example_task_group to 2024-05-30 00:00:00+00:00, run_after=2024-05-31 00:00:00+00:00
[2024-05-31T16:41:32.809+0000] {processor.py:183} INFO - Processing /home/airflow/.local/lib/python3.8/site-packages/airflow/example_dags/example_task_group.py took 0.076 seconds
[2024-05-31T16:42:02.847+0000] {processor.py:161} INFO - Started process (PID=292) to work on /home/airflow/.local/lib/python3.8/site-packages/airflow/example_dags/example_task_group.py
[2024-05-31T16:42:02.848+0000] {processor.py:830} INFO - Processing file /home/airflow/.local/lib/python3.8/site-packages/airflow/example_dags/example_task_group.py for tasks to queue
[2024-05-31T16:42:02.849+0000] {logging_mixin.py:188} INFO - [2024-05-31T16:42:02.849+0000] {dagbag.py:538} INFO - Filling up the DagBag from /home/airflow/.local/lib/python3.8/site-packages/airflow/example_dags/example_task_group.py
[2024-05-31T16:42:02.856+0000] {processor.py:840} INFO - DAG(s) 'example_task_group' retrieved from /home/airflow/.local/lib/python3.8/site-packages/airflow/example_dags/example_task_group.py
[2024-05-31T16:42:02.875+0000] {logging_mixin.py:188} INFO - [2024-05-31T16:42:02.875+0000] {dag.py:3036} INFO - Sync 1 DAGs
[2024-05-31T16:42:02.895+0000] {logging_mixin.py:188} INFO - [2024-05-31T16:42:02.895+0000] {dag.py:3823} INFO - Setting next_dagrun for example_task_group to 2024-05-30 00:00:00+00:00, run_after=2024-05-31 00:00:00+00:00
[2024-05-31T16:42:02.912+0000] {processor.py:183} INFO - Processing /home/airflow/.local/lib/python3.8/site-packages/airflow/example_dags/example_task_group.py took 0.068 seconds
