[2024-05-31T16:38:44.797+0000] {processor.py:161} INFO - Started process (PID=48) to work on /home/airflow/.local/lib/python3.8/site-packages/airflow/example_dags/example_latest_only.py
[2024-05-31T16:38:44.799+0000] {processor.py:830} INFO - Processing file /home/airflow/.local/lib/python3.8/site-packages/airflow/example_dags/example_latest_only.py for tasks to queue
[2024-05-31T16:38:44.802+0000] {logging_mixin.py:188} INFO - [2024-05-31T16:38:44.801+0000] {dagbag.py:538} INFO - Filling up the DagBag from /home/airflow/.local/lib/python3.8/site-packages/airflow/example_dags/example_latest_only.py
[2024-05-31T16:38:44.818+0000] {processor.py:840} INFO - DAG(s) 'latest_only' retrieved from /home/airflow/.local/lib/python3.8/site-packages/airflow/example_dags/example_latest_only.py
[2024-05-31T16:38:45.615+0000] {logging_mixin.py:188} INFO - [2024-05-31T16:38:45.604+0000] {dag.py:3036} INFO - Sync 1 DAGs
[2024-05-31T16:38:51.186+0000] {logging_mixin.py:188} INFO - [2024-05-31T16:38:51.186+0000] {dag.py:3823} INFO - Setting next_dagrun for latest_only to 2024-05-31 12:00:00+00:00, run_after=2024-05-31 16:00:00+00:00
[2024-05-31T16:38:51.229+0000] {processor.py:183} INFO - Processing /home/airflow/.local/lib/python3.8/site-packages/airflow/example_dags/example_latest_only.py took 6.439 seconds
[2024-05-31T16:40:07.742+0000] {processor.py:161} INFO - Started process (PID=103) to work on /home/airflow/.local/lib/python3.8/site-packages/airflow/example_dags/example_latest_only.py
[2024-05-31T16:40:07.743+0000] {processor.py:830} INFO - Processing file /home/airflow/.local/lib/python3.8/site-packages/airflow/example_dags/example_latest_only.py for tasks to queue
[2024-05-31T16:40:07.744+0000] {logging_mixin.py:188} INFO - [2024-05-31T16:40:07.744+0000] {dagbag.py:538} INFO - Filling up the DagBag from /home/airflow/.local/lib/python3.8/site-packages/airflow/example_dags/example_latest_only.py
[2024-05-31T16:40:07.752+0000] {processor.py:840} INFO - DAG(s) 'latest_only' retrieved from /home/airflow/.local/lib/python3.8/site-packages/airflow/example_dags/example_latest_only.py
[2024-05-31T16:40:07.777+0000] {logging_mixin.py:188} INFO - [2024-05-31T16:40:07.776+0000] {dag.py:3036} INFO - Sync 1 DAGs
[2024-05-31T16:40:07.810+0000] {logging_mixin.py:188} INFO - [2024-05-31T16:40:07.809+0000] {dag.py:3823} INFO - Setting next_dagrun for latest_only to 2024-05-31 12:00:00+00:00, run_after=2024-05-31 16:00:00+00:00
[2024-05-31T16:40:07.872+0000] {processor.py:183} INFO - Processing /home/airflow/.local/lib/python3.8/site-packages/airflow/example_dags/example_latest_only.py took 0.133 seconds
[2024-05-31T16:40:38.765+0000] {processor.py:161} INFO - Started process (PID=156) to work on /home/airflow/.local/lib/python3.8/site-packages/airflow/example_dags/example_latest_only.py
[2024-05-31T16:40:38.766+0000] {processor.py:830} INFO - Processing file /home/airflow/.local/lib/python3.8/site-packages/airflow/example_dags/example_latest_only.py for tasks to queue
[2024-05-31T16:40:38.767+0000] {logging_mixin.py:188} INFO - [2024-05-31T16:40:38.767+0000] {dagbag.py:538} INFO - Filling up the DagBag from /home/airflow/.local/lib/python3.8/site-packages/airflow/example_dags/example_latest_only.py
[2024-05-31T16:40:38.772+0000] {processor.py:840} INFO - DAG(s) 'latest_only' retrieved from /home/airflow/.local/lib/python3.8/site-packages/airflow/example_dags/example_latest_only.py
[2024-05-31T16:40:38.784+0000] {logging_mixin.py:188} INFO - [2024-05-31T16:40:38.783+0000] {dag.py:3036} INFO - Sync 1 DAGs
[2024-05-31T16:40:38.810+0000] {logging_mixin.py:188} INFO - [2024-05-31T16:40:38.809+0000] {dag.py:3823} INFO - Setting next_dagrun for latest_only to 2024-05-31 12:00:00+00:00, run_after=2024-05-31 16:00:00+00:00
[2024-05-31T16:40:38.843+0000] {processor.py:183} INFO - Processing /home/airflow/.local/lib/python3.8/site-packages/airflow/example_dags/example_latest_only.py took 0.083 seconds
[2024-05-31T16:41:09.600+0000] {processor.py:161} INFO - Started process (PID=218) to work on /home/airflow/.local/lib/python3.8/site-packages/airflow/example_dags/example_latest_only.py
[2024-05-31T16:41:09.603+0000] {processor.py:830} INFO - Processing file /home/airflow/.local/lib/python3.8/site-packages/airflow/example_dags/example_latest_only.py for tasks to queue
[2024-05-31T16:41:09.604+0000] {logging_mixin.py:188} INFO - [2024-05-31T16:41:09.604+0000] {dagbag.py:538} INFO - Filling up the DagBag from /home/airflow/.local/lib/python3.8/site-packages/airflow/example_dags/example_latest_only.py
[2024-05-31T16:41:09.610+0000] {processor.py:840} INFO - DAG(s) 'latest_only' retrieved from /home/airflow/.local/lib/python3.8/site-packages/airflow/example_dags/example_latest_only.py
[2024-05-31T16:41:09.731+0000] {logging_mixin.py:188} INFO - [2024-05-31T16:41:09.731+0000] {dag.py:3036} INFO - Sync 1 DAGs
[2024-05-31T16:41:09.755+0000] {logging_mixin.py:188} INFO - [2024-05-31T16:41:09.754+0000] {dag.py:3823} INFO - Setting next_dagrun for latest_only to 2024-05-31 12:00:00+00:00, run_after=2024-05-31 16:00:00+00:00
[2024-05-31T16:41:09.777+0000] {processor.py:183} INFO - Processing /home/airflow/.local/lib/python3.8/site-packages/airflow/example_dags/example_latest_only.py took 0.184 seconds
[2024-05-31T16:41:40.779+0000] {processor.py:161} INFO - Started process (PID=274) to work on /home/airflow/.local/lib/python3.8/site-packages/airflow/example_dags/example_latest_only.py
[2024-05-31T16:41:40.781+0000] {processor.py:830} INFO - Processing file /home/airflow/.local/lib/python3.8/site-packages/airflow/example_dags/example_latest_only.py for tasks to queue
[2024-05-31T16:41:40.782+0000] {logging_mixin.py:188} INFO - [2024-05-31T16:41:40.782+0000] {dagbag.py:538} INFO - Filling up the DagBag from /home/airflow/.local/lib/python3.8/site-packages/airflow/example_dags/example_latest_only.py
[2024-05-31T16:41:40.789+0000] {processor.py:840} INFO - DAG(s) 'latest_only' retrieved from /home/airflow/.local/lib/python3.8/site-packages/airflow/example_dags/example_latest_only.py
[2024-05-31T16:41:40.810+0000] {logging_mixin.py:188} INFO - [2024-05-31T16:41:40.810+0000] {dag.py:3036} INFO - Sync 1 DAGs
[2024-05-31T16:41:40.834+0000] {logging_mixin.py:188} INFO - [2024-05-31T16:41:40.834+0000] {dag.py:3823} INFO - Setting next_dagrun for latest_only to 2024-05-31 12:00:00+00:00, run_after=2024-05-31 16:00:00+00:00
[2024-05-31T16:41:40.857+0000] {processor.py:183} INFO - Processing /home/airflow/.local/lib/python3.8/site-packages/airflow/example_dags/example_latest_only.py took 0.083 seconds
[2024-05-31T16:42:11.533+0000] {processor.py:161} INFO - Started process (PID=330) to work on /home/airflow/.local/lib/python3.8/site-packages/airflow/example_dags/example_latest_only.py
[2024-05-31T16:42:11.534+0000] {processor.py:830} INFO - Processing file /home/airflow/.local/lib/python3.8/site-packages/airflow/example_dags/example_latest_only.py for tasks to queue
[2024-05-31T16:42:11.535+0000] {logging_mixin.py:188} INFO - [2024-05-31T16:42:11.535+0000] {dagbag.py:538} INFO - Filling up the DagBag from /home/airflow/.local/lib/python3.8/site-packages/airflow/example_dags/example_latest_only.py
[2024-05-31T16:42:11.539+0000] {processor.py:840} INFO - DAG(s) 'latest_only' retrieved from /home/airflow/.local/lib/python3.8/site-packages/airflow/example_dags/example_latest_only.py
[2024-05-31T16:42:11.557+0000] {logging_mixin.py:188} INFO - [2024-05-31T16:42:11.557+0000] {dag.py:3036} INFO - Sync 1 DAGs
[2024-05-31T16:42:11.576+0000] {logging_mixin.py:188} INFO - [2024-05-31T16:42:11.576+0000] {dag.py:3823} INFO - Setting next_dagrun for latest_only to 2024-05-31 12:00:00+00:00, run_after=2024-05-31 16:00:00+00:00
[2024-05-31T16:42:11.594+0000] {processor.py:183} INFO - Processing /home/airflow/.local/lib/python3.8/site-packages/airflow/example_dags/example_latest_only.py took 0.064 seconds
