[2024-05-31T16:38:44.769+0000] {processor.py:161} INFO - Started process (PID=47) to work on /home/airflow/.local/lib/python3.8/site-packages/airflow/example_dags/example_python_operator.py
[2024-05-31T16:38:44.770+0000] {processor.py:830} INFO - Processing file /home/airflow/.local/lib/python3.8/site-packages/airflow/example_dags/example_python_operator.py for tasks to queue
[2024-05-31T16:38:44.772+0000] {logging_mixin.py:188} INFO - [2024-05-31T16:38:44.772+0000] {dagbag.py:538} INFO - Filling up the DagBag from /home/airflow/.local/lib/python3.8/site-packages/airflow/example_dags/example_python_operator.py
[2024-05-31T16:38:44.813+0000] {processor.py:840} INFO - DAG(s) 'example_python_operator' retrieved from /home/airflow/.local/lib/python3.8/site-packages/airflow/example_dags/example_python_operator.py
[2024-05-31T16:38:45.615+0000] {logging_mixin.py:188} INFO - [2024-05-31T16:38:45.603+0000] {dag.py:3036} INFO - Sync 1 DAGs
[2024-05-31T16:38:45.687+0000] {logging_mixin.py:188} INFO - [2024-05-31T16:38:45.678+0000] {dag.py:3823} INFO - Setting next_dagrun for example_python_operator to None, run_after=None
[2024-05-31T16:38:51.207+0000] {processor.py:183} INFO - Processing /home/airflow/.local/lib/python3.8/site-packages/airflow/example_dags/example_python_operator.py took 6.442 seconds
[2024-05-31T16:40:07.618+0000] {processor.py:161} INFO - Started process (PID=102) to work on /home/airflow/.local/lib/python3.8/site-packages/airflow/example_dags/example_python_operator.py
[2024-05-31T16:40:07.620+0000] {processor.py:830} INFO - Processing file /home/airflow/.local/lib/python3.8/site-packages/airflow/example_dags/example_python_operator.py for tasks to queue
[2024-05-31T16:40:07.621+0000] {logging_mixin.py:188} INFO - [2024-05-31T16:40:07.621+0000] {dagbag.py:538} INFO - Filling up the DagBag from /home/airflow/.local/lib/python3.8/site-packages/airflow/example_dags/example_python_operator.py
[2024-05-31T16:40:07.635+0000] {processor.py:840} INFO - DAG(s) 'example_python_operator' retrieved from /home/airflow/.local/lib/python3.8/site-packages/airflow/example_dags/example_python_operator.py
[2024-05-31T16:40:07.667+0000] {logging_mixin.py:188} INFO - [2024-05-31T16:40:07.666+0000] {dag.py:3036} INFO - Sync 1 DAGs
[2024-05-31T16:40:07.683+0000] {logging_mixin.py:188} INFO - [2024-05-31T16:40:07.683+0000] {dag.py:3823} INFO - Setting next_dagrun for example_python_operator to None, run_after=None
[2024-05-31T16:40:07.709+0000] {processor.py:183} INFO - Processing /home/airflow/.local/lib/python3.8/site-packages/airflow/example_dags/example_python_operator.py took 0.096 seconds
[2024-05-31T16:40:37.749+0000] {processor.py:161} INFO - Started process (PID=155) to work on /home/airflow/.local/lib/python3.8/site-packages/airflow/example_dags/example_python_operator.py
[2024-05-31T16:40:37.751+0000] {processor.py:830} INFO - Processing file /home/airflow/.local/lib/python3.8/site-packages/airflow/example_dags/example_python_operator.py for tasks to queue
[2024-05-31T16:40:37.752+0000] {logging_mixin.py:188} INFO - [2024-05-31T16:40:37.752+0000] {dagbag.py:538} INFO - Filling up the DagBag from /home/airflow/.local/lib/python3.8/site-packages/airflow/example_dags/example_python_operator.py
[2024-05-31T16:40:37.765+0000] {processor.py:840} INFO - DAG(s) 'example_python_operator' retrieved from /home/airflow/.local/lib/python3.8/site-packages/airflow/example_dags/example_python_operator.py
[2024-05-31T16:40:37.780+0000] {logging_mixin.py:188} INFO - [2024-05-31T16:40:37.780+0000] {dag.py:3036} INFO - Sync 1 DAGs
[2024-05-31T16:40:37.801+0000] {logging_mixin.py:188} INFO - [2024-05-31T16:40:37.801+0000] {dag.py:3823} INFO - Setting next_dagrun for example_python_operator to None, run_after=None
[2024-05-31T16:40:37.829+0000] {processor.py:183} INFO - Processing /home/airflow/.local/lib/python3.8/site-packages/airflow/example_dags/example_python_operator.py took 0.083 seconds
[2024-05-31T16:41:09.335+0000] {processor.py:161} INFO - Started process (PID=217) to work on /home/airflow/.local/lib/python3.8/site-packages/airflow/example_dags/example_python_operator.py
[2024-05-31T16:41:09.337+0000] {processor.py:830} INFO - Processing file /home/airflow/.local/lib/python3.8/site-packages/airflow/example_dags/example_python_operator.py for tasks to queue
[2024-05-31T16:41:09.338+0000] {logging_mixin.py:188} INFO - [2024-05-31T16:41:09.337+0000] {dagbag.py:538} INFO - Filling up the DagBag from /home/airflow/.local/lib/python3.8/site-packages/airflow/example_dags/example_python_operator.py
[2024-05-31T16:41:09.353+0000] {processor.py:840} INFO - DAG(s) 'example_python_operator' retrieved from /home/airflow/.local/lib/python3.8/site-packages/airflow/example_dags/example_python_operator.py
[2024-05-31T16:41:09.512+0000] {logging_mixin.py:188} INFO - [2024-05-31T16:41:09.511+0000] {dag.py:3036} INFO - Sync 1 DAGs
[2024-05-31T16:41:09.528+0000] {logging_mixin.py:188} INFO - [2024-05-31T16:41:09.528+0000] {dag.py:3823} INFO - Setting next_dagrun for example_python_operator to None, run_after=None
[2024-05-31T16:41:09.559+0000] {processor.py:183} INFO - Processing /home/airflow/.local/lib/python3.8/site-packages/airflow/example_dags/example_python_operator.py took 0.228 seconds
[2024-05-31T16:41:39.630+0000] {processor.py:161} INFO - Started process (PID=273) to work on /home/airflow/.local/lib/python3.8/site-packages/airflow/example_dags/example_python_operator.py
[2024-05-31T16:41:39.632+0000] {processor.py:830} INFO - Processing file /home/airflow/.local/lib/python3.8/site-packages/airflow/example_dags/example_python_operator.py for tasks to queue
[2024-05-31T16:41:39.634+0000] {logging_mixin.py:188} INFO - [2024-05-31T16:41:39.633+0000] {dagbag.py:538} INFO - Filling up the DagBag from /home/airflow/.local/lib/python3.8/site-packages/airflow/example_dags/example_python_operator.py
[2024-05-31T16:41:39.650+0000] {processor.py:840} INFO - DAG(s) 'example_python_operator' retrieved from /home/airflow/.local/lib/python3.8/site-packages/airflow/example_dags/example_python_operator.py
[2024-05-31T16:41:39.682+0000] {logging_mixin.py:188} INFO - [2024-05-31T16:41:39.681+0000] {dag.py:3036} INFO - Sync 1 DAGs
[2024-05-31T16:41:39.702+0000] {logging_mixin.py:188} INFO - [2024-05-31T16:41:39.702+0000] {dag.py:3823} INFO - Setting next_dagrun for example_python_operator to None, run_after=None
[2024-05-31T16:41:39.738+0000] {processor.py:183} INFO - Processing /home/airflow/.local/lib/python3.8/site-packages/airflow/example_dags/example_python_operator.py took 0.113 seconds
[2024-05-31T16:42:10.443+0000] {processor.py:161} INFO - Started process (PID=329) to work on /home/airflow/.local/lib/python3.8/site-packages/airflow/example_dags/example_python_operator.py
[2024-05-31T16:42:10.444+0000] {processor.py:830} INFO - Processing file /home/airflow/.local/lib/python3.8/site-packages/airflow/example_dags/example_python_operator.py for tasks to queue
[2024-05-31T16:42:10.445+0000] {logging_mixin.py:188} INFO - [2024-05-31T16:42:10.444+0000] {dagbag.py:538} INFO - Filling up the DagBag from /home/airflow/.local/lib/python3.8/site-packages/airflow/example_dags/example_python_operator.py
[2024-05-31T16:42:10.456+0000] {processor.py:840} INFO - DAG(s) 'example_python_operator' retrieved from /home/airflow/.local/lib/python3.8/site-packages/airflow/example_dags/example_python_operator.py
[2024-05-31T16:42:10.480+0000] {logging_mixin.py:188} INFO - [2024-05-31T16:42:10.480+0000] {dag.py:3036} INFO - Sync 1 DAGs
[2024-05-31T16:42:10.492+0000] {logging_mixin.py:188} INFO - [2024-05-31T16:42:10.491+0000] {dag.py:3823} INFO - Setting next_dagrun for example_python_operator to None, run_after=None
[2024-05-31T16:42:10.514+0000] {processor.py:183} INFO - Processing /home/airflow/.local/lib/python3.8/site-packages/airflow/example_dags/example_python_operator.py took 0.075 seconds
