[2024-05-31T16:40:02.680+0000] {processor.py:161} INFO - Started process (PID=83) to work on /home/airflow/.local/lib/python3.8/site-packages/airflow/example_dags/example_local_kubernetes_executor.py
[2024-05-31T16:40:02.682+0000] {processor.py:830} INFO - Processing file /home/airflow/.local/lib/python3.8/site-packages/airflow/example_dags/example_local_kubernetes_executor.py for tasks to queue
[2024-05-31T16:40:02.686+0000] {logging_mixin.py:188} INFO - [2024-05-31T16:40:02.684+0000] {dagbag.py:538} INFO - Filling up the DagBag from /home/airflow/.local/lib/python3.8/site-packages/airflow/example_dags/example_local_kubernetes_executor.py
[2024-05-31T16:40:02.816+0000] {processor.py:840} INFO - DAG(s) 'example_local_kubernetes_executor' retrieved from /home/airflow/.local/lib/python3.8/site-packages/airflow/example_dags/example_local_kubernetes_executor.py
[2024-05-31T16:40:03.841+0000] {logging_mixin.py:188} INFO - [2024-05-31T16:40:03.840+0000] {dag.py:3036} INFO - Sync 1 DAGs
[2024-05-31T16:40:03.876+0000] {logging_mixin.py:188} INFO - [2024-05-31T16:40:03.876+0000] {dag.py:3823} INFO - Setting next_dagrun for example_local_kubernetes_executor to None, run_after=None
[2024-05-31T16:40:03.931+0000] {processor.py:183} INFO - Processing /home/airflow/.local/lib/python3.8/site-packages/airflow/example_dags/example_local_kubernetes_executor.py took 1.256 seconds
[2024-05-31T16:40:34.300+0000] {processor.py:161} INFO - Started process (PID=138) to work on /home/airflow/.local/lib/python3.8/site-packages/airflow/example_dags/example_local_kubernetes_executor.py
[2024-05-31T16:40:34.301+0000] {processor.py:830} INFO - Processing file /home/airflow/.local/lib/python3.8/site-packages/airflow/example_dags/example_local_kubernetes_executor.py for tasks to queue
[2024-05-31T16:40:34.303+0000] {logging_mixin.py:188} INFO - [2024-05-31T16:40:34.302+0000] {dagbag.py:538} INFO - Filling up the DagBag from /home/airflow/.local/lib/python3.8/site-packages/airflow/example_dags/example_local_kubernetes_executor.py
[2024-05-31T16:40:34.350+0000] {processor.py:840} INFO - DAG(s) 'example_local_kubernetes_executor' retrieved from /home/airflow/.local/lib/python3.8/site-packages/airflow/example_dags/example_local_kubernetes_executor.py
[2024-05-31T16:40:34.365+0000] {logging_mixin.py:188} INFO - [2024-05-31T16:40:34.365+0000] {dag.py:3036} INFO - Sync 1 DAGs
[2024-05-31T16:40:34.402+0000] {logging_mixin.py:188} INFO - [2024-05-31T16:40:34.401+0000] {dag.py:3823} INFO - Setting next_dagrun for example_local_kubernetes_executor to None, run_after=None
[2024-05-31T16:40:34.444+0000] {processor.py:183} INFO - Processing /home/airflow/.local/lib/python3.8/site-packages/airflow/example_dags/example_local_kubernetes_executor.py took 0.148 seconds
[2024-05-31T16:41:05.154+0000] {processor.py:161} INFO - Started process (PID=194) to work on /home/airflow/.local/lib/python3.8/site-packages/airflow/example_dags/example_local_kubernetes_executor.py
[2024-05-31T16:41:05.156+0000] {processor.py:830} INFO - Processing file /home/airflow/.local/lib/python3.8/site-packages/airflow/example_dags/example_local_kubernetes_executor.py for tasks to queue
[2024-05-31T16:41:05.157+0000] {logging_mixin.py:188} INFO - [2024-05-31T16:41:05.156+0000] {dagbag.py:538} INFO - Filling up the DagBag from /home/airflow/.local/lib/python3.8/site-packages/airflow/example_dags/example_local_kubernetes_executor.py
[2024-05-31T16:41:05.169+0000] {processor.py:840} INFO - DAG(s) 'example_local_kubernetes_executor' retrieved from /home/airflow/.local/lib/python3.8/site-packages/airflow/example_dags/example_local_kubernetes_executor.py
[2024-05-31T16:41:05.320+0000] {logging_mixin.py:188} INFO - [2024-05-31T16:41:05.319+0000] {dag.py:3036} INFO - Sync 1 DAGs
[2024-05-31T16:41:05.340+0000] {logging_mixin.py:188} INFO - [2024-05-31T16:41:05.340+0000] {dag.py:3823} INFO - Setting next_dagrun for example_local_kubernetes_executor to None, run_after=None
[2024-05-31T16:41:05.366+0000] {processor.py:183} INFO - Processing /home/airflow/.local/lib/python3.8/site-packages/airflow/example_dags/example_local_kubernetes_executor.py took 0.216 seconds
[2024-05-31T16:41:35.417+0000] {processor.py:161} INFO - Started process (PID=250) to work on /home/airflow/.local/lib/python3.8/site-packages/airflow/example_dags/example_local_kubernetes_executor.py
[2024-05-31T16:41:35.418+0000] {processor.py:830} INFO - Processing file /home/airflow/.local/lib/python3.8/site-packages/airflow/example_dags/example_local_kubernetes_executor.py for tasks to queue
[2024-05-31T16:41:35.419+0000] {logging_mixin.py:188} INFO - [2024-05-31T16:41:35.419+0000] {dagbag.py:538} INFO - Filling up the DagBag from /home/airflow/.local/lib/python3.8/site-packages/airflow/example_dags/example_local_kubernetes_executor.py
[2024-05-31T16:41:35.427+0000] {processor.py:840} INFO - DAG(s) 'example_local_kubernetes_executor' retrieved from /home/airflow/.local/lib/python3.8/site-packages/airflow/example_dags/example_local_kubernetes_executor.py
[2024-05-31T16:41:35.459+0000] {logging_mixin.py:188} INFO - [2024-05-31T16:41:35.459+0000] {dag.py:3036} INFO - Sync 1 DAGs
[2024-05-31T16:41:35.471+0000] {logging_mixin.py:188} INFO - [2024-05-31T16:41:35.470+0000] {dag.py:3823} INFO - Setting next_dagrun for example_local_kubernetes_executor to None, run_after=None
[2024-05-31T16:41:35.491+0000] {processor.py:183} INFO - Processing /home/airflow/.local/lib/python3.8/site-packages/airflow/example_dags/example_local_kubernetes_executor.py took 0.077 seconds
[2024-05-31T16:42:05.599+0000] {processor.py:161} INFO - Started process (PID=306) to work on /home/airflow/.local/lib/python3.8/site-packages/airflow/example_dags/example_local_kubernetes_executor.py
[2024-05-31T16:42:05.600+0000] {processor.py:830} INFO - Processing file /home/airflow/.local/lib/python3.8/site-packages/airflow/example_dags/example_local_kubernetes_executor.py for tasks to queue
[2024-05-31T16:42:05.601+0000] {logging_mixin.py:188} INFO - [2024-05-31T16:42:05.600+0000] {dagbag.py:538} INFO - Filling up the DagBag from /home/airflow/.local/lib/python3.8/site-packages/airflow/example_dags/example_local_kubernetes_executor.py
[2024-05-31T16:42:05.607+0000] {processor.py:840} INFO - DAG(s) 'example_local_kubernetes_executor' retrieved from /home/airflow/.local/lib/python3.8/site-packages/airflow/example_dags/example_local_kubernetes_executor.py
[2024-05-31T16:42:05.639+0000] {logging_mixin.py:188} INFO - [2024-05-31T16:42:05.638+0000] {dag.py:3036} INFO - Sync 1 DAGs
[2024-05-31T16:42:05.650+0000] {logging_mixin.py:188} INFO - [2024-05-31T16:42:05.650+0000] {dag.py:3823} INFO - Setting next_dagrun for example_local_kubernetes_executor to None, run_after=None
[2024-05-31T16:42:05.673+0000] {processor.py:183} INFO - Processing /home/airflow/.local/lib/python3.8/site-packages/airflow/example_dags/example_local_kubernetes_executor.py took 0.077 seconds
