[2024-05-31T16:39:57.010+0000] {processor.py:161} INFO - Started process (PID=64) to work on /home/airflow/.local/lib/python3.8/site-packages/airflow/example_dags/example_sensor_decorator.py
[2024-05-31T16:39:57.015+0000] {processor.py:830} INFO - Processing file /home/airflow/.local/lib/python3.8/site-packages/airflow/example_dags/example_sensor_decorator.py for tasks to queue
[2024-05-31T16:39:57.020+0000] {logging_mixin.py:188} INFO - [2024-05-31T16:39:57.018+0000] {dagbag.py:538} INFO - Filling up the DagBag from /home/airflow/.local/lib/python3.8/site-packages/airflow/example_dags/example_sensor_decorator.py
[2024-05-31T16:39:57.069+0000] {processor.py:840} INFO - DAG(s) 'example_sensor_decorator' retrieved from /home/airflow/.local/lib/python3.8/site-packages/airflow/example_dags/example_sensor_decorator.py
[2024-05-31T16:39:57.341+0000] {logging_mixin.py:188} INFO - [2024-05-31T16:39:57.340+0000] {dag.py:3036} INFO - Sync 1 DAGs
[2024-05-31T16:39:57.364+0000] {logging_mixin.py:188} INFO - [2024-05-31T16:39:57.364+0000] {dag.py:3823} INFO - Setting next_dagrun for example_sensor_decorator to None, run_after=None
[2024-05-31T16:39:57.409+0000] {processor.py:183} INFO - Processing /home/airflow/.local/lib/python3.8/site-packages/airflow/example_dags/example_sensor_decorator.py took 0.444 seconds
[2024-05-31T16:40:27.508+0000] {processor.py:161} INFO - Started process (PID=119) to work on /home/airflow/.local/lib/python3.8/site-packages/airflow/example_dags/example_sensor_decorator.py
[2024-05-31T16:40:27.516+0000] {processor.py:830} INFO - Processing file /home/airflow/.local/lib/python3.8/site-packages/airflow/example_dags/example_sensor_decorator.py for tasks to queue
[2024-05-31T16:40:27.520+0000] {logging_mixin.py:188} INFO - [2024-05-31T16:40:27.519+0000] {dagbag.py:538} INFO - Filling up the DagBag from /home/airflow/.local/lib/python3.8/site-packages/airflow/example_dags/example_sensor_decorator.py
[2024-05-31T16:40:27.552+0000] {processor.py:840} INFO - DAG(s) 'example_sensor_decorator' retrieved from /home/airflow/.local/lib/python3.8/site-packages/airflow/example_dags/example_sensor_decorator.py
[2024-05-31T16:40:27.572+0000] {logging_mixin.py:188} INFO - [2024-05-31T16:40:27.572+0000] {dag.py:3036} INFO - Sync 1 DAGs
[2024-05-31T16:40:27.591+0000] {logging_mixin.py:188} INFO - [2024-05-31T16:40:27.591+0000] {dag.py:3823} INFO - Setting next_dagrun for example_sensor_decorator to None, run_after=None
[2024-05-31T16:40:27.623+0000] {processor.py:183} INFO - Processing /home/airflow/.local/lib/python3.8/site-packages/airflow/example_dags/example_sensor_decorator.py took 0.130 seconds
[2024-05-31T16:40:58.184+0000] {processor.py:161} INFO - Started process (PID=175) to work on /home/airflow/.local/lib/python3.8/site-packages/airflow/example_dags/example_sensor_decorator.py
[2024-05-31T16:40:58.185+0000] {processor.py:830} INFO - Processing file /home/airflow/.local/lib/python3.8/site-packages/airflow/example_dags/example_sensor_decorator.py for tasks to queue
[2024-05-31T16:40:58.186+0000] {logging_mixin.py:188} INFO - [2024-05-31T16:40:58.185+0000] {dagbag.py:538} INFO - Filling up the DagBag from /home/airflow/.local/lib/python3.8/site-packages/airflow/example_dags/example_sensor_decorator.py
[2024-05-31T16:40:58.191+0000] {processor.py:840} INFO - DAG(s) 'example_sensor_decorator' retrieved from /home/airflow/.local/lib/python3.8/site-packages/airflow/example_dags/example_sensor_decorator.py
[2024-05-31T16:40:58.291+0000] {logging_mixin.py:188} INFO - [2024-05-31T16:40:58.291+0000] {dag.py:3036} INFO - Sync 1 DAGs
[2024-05-31T16:40:58.301+0000] {logging_mixin.py:188} INFO - [2024-05-31T16:40:58.301+0000] {dag.py:3823} INFO - Setting next_dagrun for example_sensor_decorator to None, run_after=None
[2024-05-31T16:40:58.320+0000] {processor.py:183} INFO - Processing /home/airflow/.local/lib/python3.8/site-packages/airflow/example_dags/example_sensor_decorator.py took 0.139 seconds
[2024-05-31T16:41:29.341+0000] {processor.py:161} INFO - Started process (PID=231) to work on /home/airflow/.local/lib/python3.8/site-packages/airflow/example_dags/example_sensor_decorator.py
[2024-05-31T16:41:29.343+0000] {processor.py:830} INFO - Processing file /home/airflow/.local/lib/python3.8/site-packages/airflow/example_dags/example_sensor_decorator.py for tasks to queue
[2024-05-31T16:41:29.343+0000] {logging_mixin.py:188} INFO - [2024-05-31T16:41:29.343+0000] {dagbag.py:538} INFO - Filling up the DagBag from /home/airflow/.local/lib/python3.8/site-packages/airflow/example_dags/example_sensor_decorator.py
[2024-05-31T16:41:29.350+0000] {processor.py:840} INFO - DAG(s) 'example_sensor_decorator' retrieved from /home/airflow/.local/lib/python3.8/site-packages/airflow/example_dags/example_sensor_decorator.py
[2024-05-31T16:41:29.375+0000] {logging_mixin.py:188} INFO - [2024-05-31T16:41:29.375+0000] {dag.py:3036} INFO - Sync 1 DAGs
[2024-05-31T16:41:29.389+0000] {logging_mixin.py:188} INFO - [2024-05-31T16:41:29.388+0000] {dag.py:3823} INFO - Setting next_dagrun for example_sensor_decorator to None, run_after=None
[2024-05-31T16:41:29.410+0000] {processor.py:183} INFO - Processing /home/airflow/.local/lib/python3.8/site-packages/airflow/example_dags/example_sensor_decorator.py took 0.071 seconds
[2024-05-31T16:42:00.131+0000] {processor.py:161} INFO - Started process (PID=287) to work on /home/airflow/.local/lib/python3.8/site-packages/airflow/example_dags/example_sensor_decorator.py
[2024-05-31T16:42:00.133+0000] {processor.py:830} INFO - Processing file /home/airflow/.local/lib/python3.8/site-packages/airflow/example_dags/example_sensor_decorator.py for tasks to queue
[2024-05-31T16:42:00.134+0000] {logging_mixin.py:188} INFO - [2024-05-31T16:42:00.133+0000] {dagbag.py:538} INFO - Filling up the DagBag from /home/airflow/.local/lib/python3.8/site-packages/airflow/example_dags/example_sensor_decorator.py
[2024-05-31T16:42:00.139+0000] {processor.py:840} INFO - DAG(s) 'example_sensor_decorator' retrieved from /home/airflow/.local/lib/python3.8/site-packages/airflow/example_dags/example_sensor_decorator.py
[2024-05-31T16:42:00.158+0000] {logging_mixin.py:188} INFO - [2024-05-31T16:42:00.157+0000] {dag.py:3036} INFO - Sync 1 DAGs
[2024-05-31T16:42:00.171+0000] {logging_mixin.py:188} INFO - [2024-05-31T16:42:00.170+0000] {dag.py:3823} INFO - Setting next_dagrun for example_sensor_decorator to None, run_after=None
[2024-05-31T16:42:00.189+0000] {processor.py:183} INFO - Processing /home/airflow/.local/lib/python3.8/site-packages/airflow/example_dags/example_sensor_decorator.py took 0.060 seconds
