[2024-05-31T16:39:56.862+0000] {processor.py:161} INFO - Started process (PID=63) to work on /home/airflow/.local/lib/python3.8/site-packages/airflow/example_dags/example_latest_only_with_trigger.py
[2024-05-31T16:39:56.867+0000] {processor.py:830} INFO - Processing file /home/airflow/.local/lib/python3.8/site-packages/airflow/example_dags/example_latest_only_with_trigger.py for tasks to queue
[2024-05-31T16:39:56.875+0000] {logging_mixin.py:188} INFO - [2024-05-31T16:39:56.872+0000] {dagbag.py:538} INFO - Filling up the DagBag from /home/airflow/.local/lib/python3.8/site-packages/airflow/example_dags/example_latest_only_with_trigger.py
[2024-05-31T16:39:56.946+0000] {processor.py:840} INFO - DAG(s) 'latest_only_with_trigger' retrieved from /home/airflow/.local/lib/python3.8/site-packages/airflow/example_dags/example_latest_only_with_trigger.py
[2024-05-31T16:39:57.289+0000] {logging_mixin.py:188} INFO - [2024-05-31T16:39:57.289+0000] {dag.py:3036} INFO - Sync 1 DAGs
[2024-05-31T16:39:57.336+0000] {logging_mixin.py:188} INFO - [2024-05-31T16:39:57.335+0000] {dag.py:3823} INFO - Setting next_dagrun for latest_only_with_trigger to 2024-05-31 12:00:00+00:00, run_after=2024-05-31 16:00:00+00:00
[2024-05-31T16:39:57.373+0000] {processor.py:183} INFO - Processing /home/airflow/.local/lib/python3.8/site-packages/airflow/example_dags/example_latest_only_with_trigger.py took 0.525 seconds
[2024-05-31T16:40:27.467+0000] {processor.py:161} INFO - Started process (PID=118) to work on /home/airflow/.local/lib/python3.8/site-packages/airflow/example_dags/example_latest_only_with_trigger.py
[2024-05-31T16:40:27.469+0000] {processor.py:830} INFO - Processing file /home/airflow/.local/lib/python3.8/site-packages/airflow/example_dags/example_latest_only_with_trigger.py for tasks to queue
[2024-05-31T16:40:27.470+0000] {logging_mixin.py:188} INFO - [2024-05-31T16:40:27.469+0000] {dagbag.py:538} INFO - Filling up the DagBag from /home/airflow/.local/lib/python3.8/site-packages/airflow/example_dags/example_latest_only_with_trigger.py
[2024-05-31T16:40:27.482+0000] {processor.py:840} INFO - DAG(s) 'latest_only_with_trigger' retrieved from /home/airflow/.local/lib/python3.8/site-packages/airflow/example_dags/example_latest_only_with_trigger.py
[2024-05-31T16:40:27.515+0000] {logging_mixin.py:188} INFO - [2024-05-31T16:40:27.515+0000] {dag.py:3036} INFO - Sync 1 DAGs
[2024-05-31T16:40:27.572+0000] {logging_mixin.py:188} INFO - [2024-05-31T16:40:27.572+0000] {dag.py:3823} INFO - Setting next_dagrun for latest_only_with_trigger to 2024-05-31 12:00:00+00:00, run_after=2024-05-31 16:00:00+00:00
[2024-05-31T16:40:27.602+0000] {processor.py:183} INFO - Processing /home/airflow/.local/lib/python3.8/site-packages/airflow/example_dags/example_latest_only_with_trigger.py took 0.138 seconds
[2024-05-31T16:40:57.969+0000] {processor.py:161} INFO - Started process (PID=174) to work on /home/airflow/.local/lib/python3.8/site-packages/airflow/example_dags/example_latest_only_with_trigger.py
[2024-05-31T16:40:57.970+0000] {processor.py:830} INFO - Processing file /home/airflow/.local/lib/python3.8/site-packages/airflow/example_dags/example_latest_only_with_trigger.py for tasks to queue
[2024-05-31T16:40:57.971+0000] {logging_mixin.py:188} INFO - [2024-05-31T16:40:57.971+0000] {dagbag.py:538} INFO - Filling up the DagBag from /home/airflow/.local/lib/python3.8/site-packages/airflow/example_dags/example_latest_only_with_trigger.py
[2024-05-31T16:40:57.976+0000] {processor.py:840} INFO - DAG(s) 'latest_only_with_trigger' retrieved from /home/airflow/.local/lib/python3.8/site-packages/airflow/example_dags/example_latest_only_with_trigger.py
[2024-05-31T16:40:58.112+0000] {logging_mixin.py:188} INFO - [2024-05-31T16:40:58.111+0000] {dag.py:3036} INFO - Sync 1 DAGs
[2024-05-31T16:40:58.132+0000] {logging_mixin.py:188} INFO - [2024-05-31T16:40:58.132+0000] {dag.py:3823} INFO - Setting next_dagrun for latest_only_with_trigger to 2024-05-31 12:00:00+00:00, run_after=2024-05-31 16:00:00+00:00
[2024-05-31T16:40:58.154+0000] {processor.py:183} INFO - Processing /home/airflow/.local/lib/python3.8/site-packages/airflow/example_dags/example_latest_only_with_trigger.py took 0.188 seconds
[2024-05-31T16:41:29.303+0000] {processor.py:161} INFO - Started process (PID=230) to work on /home/airflow/.local/lib/python3.8/site-packages/airflow/example_dags/example_latest_only_with_trigger.py
[2024-05-31T16:41:29.305+0000] {processor.py:830} INFO - Processing file /home/airflow/.local/lib/python3.8/site-packages/airflow/example_dags/example_latest_only_with_trigger.py for tasks to queue
[2024-05-31T16:41:29.306+0000] {logging_mixin.py:188} INFO - [2024-05-31T16:41:29.305+0000] {dagbag.py:538} INFO - Filling up the DagBag from /home/airflow/.local/lib/python3.8/site-packages/airflow/example_dags/example_latest_only_with_trigger.py
[2024-05-31T16:41:29.311+0000] {processor.py:840} INFO - DAG(s) 'latest_only_with_trigger' retrieved from /home/airflow/.local/lib/python3.8/site-packages/airflow/example_dags/example_latest_only_with_trigger.py
[2024-05-31T16:41:29.336+0000] {logging_mixin.py:188} INFO - [2024-05-31T16:41:29.336+0000] {dag.py:3036} INFO - Sync 1 DAGs
[2024-05-31T16:41:29.362+0000] {logging_mixin.py:188} INFO - [2024-05-31T16:41:29.361+0000] {dag.py:3823} INFO - Setting next_dagrun for latest_only_with_trigger to 2024-05-31 12:00:00+00:00, run_after=2024-05-31 16:00:00+00:00
[2024-05-31T16:41:29.385+0000] {processor.py:183} INFO - Processing /home/airflow/.local/lib/python3.8/site-packages/airflow/example_dags/example_latest_only_with_trigger.py took 0.085 seconds
[2024-05-31T16:42:00.093+0000] {processor.py:161} INFO - Started process (PID=286) to work on /home/airflow/.local/lib/python3.8/site-packages/airflow/example_dags/example_latest_only_with_trigger.py
[2024-05-31T16:42:00.094+0000] {processor.py:830} INFO - Processing file /home/airflow/.local/lib/python3.8/site-packages/airflow/example_dags/example_latest_only_with_trigger.py for tasks to queue
[2024-05-31T16:42:00.095+0000] {logging_mixin.py:188} INFO - [2024-05-31T16:42:00.095+0000] {dagbag.py:538} INFO - Filling up the DagBag from /home/airflow/.local/lib/python3.8/site-packages/airflow/example_dags/example_latest_only_with_trigger.py
[2024-05-31T16:42:00.100+0000] {processor.py:840} INFO - DAG(s) 'latest_only_with_trigger' retrieved from /home/airflow/.local/lib/python3.8/site-packages/airflow/example_dags/example_latest_only_with_trigger.py
[2024-05-31T16:42:00.121+0000] {logging_mixin.py:188} INFO - [2024-05-31T16:42:00.120+0000] {dag.py:3036} INFO - Sync 1 DAGs
[2024-05-31T16:42:00.144+0000] {logging_mixin.py:188} INFO - [2024-05-31T16:42:00.144+0000] {dag.py:3823} INFO - Setting next_dagrun for latest_only_with_trigger to 2024-05-31 12:00:00+00:00, run_after=2024-05-31 16:00:00+00:00
[2024-05-31T16:42:00.162+0000] {processor.py:183} INFO - Processing /home/airflow/.local/lib/python3.8/site-packages/airflow/example_dags/example_latest_only_with_trigger.py took 0.072 seconds
