[2024-05-31T16:38:35.188+0000] {processor.py:161} INFO - Started process (PID=43) to work on /home/airflow/.local/lib/python3.8/site-packages/airflow/example_dags/example_python_decorator.py
[2024-05-31T16:38:35.190+0000] {processor.py:830} INFO - Processing file /home/airflow/.local/lib/python3.8/site-packages/airflow/example_dags/example_python_decorator.py for tasks to queue
[2024-05-31T16:38:35.192+0000] {logging_mixin.py:188} INFO - [2024-05-31T16:38:35.191+0000] {dagbag.py:538} INFO - Filling up the DagBag from /home/airflow/.local/lib/python3.8/site-packages/airflow/example_dags/example_python_decorator.py
[2024-05-31T16:38:35.225+0000] {processor.py:840} INFO - DAG(s) 'example_python_decorator' retrieved from /home/airflow/.local/lib/python3.8/site-packages/airflow/example_dags/example_python_decorator.py
[2024-05-31T16:38:35.408+0000] {logging_mixin.py:188} INFO - [2024-05-31T16:38:35.407+0000] {dag.py:3036} INFO - Sync 1 DAGs
[2024-05-31T16:38:35.450+0000] {logging_mixin.py:188} INFO - [2024-05-31T16:38:35.450+0000] {dag.py:3823} INFO - Setting next_dagrun for example_python_decorator to None, run_after=None
[2024-05-31T16:38:35.483+0000] {processor.py:183} INFO - Processing /home/airflow/.local/lib/python3.8/site-packages/airflow/example_dags/example_python_decorator.py took 0.301 seconds
[2024-05-31T16:40:07.108+0000] {processor.py:161} INFO - Started process (PID=98) to work on /home/airflow/.local/lib/python3.8/site-packages/airflow/example_dags/example_python_decorator.py
[2024-05-31T16:40:07.109+0000] {processor.py:830} INFO - Processing file /home/airflow/.local/lib/python3.8/site-packages/airflow/example_dags/example_python_decorator.py for tasks to queue
[2024-05-31T16:40:07.111+0000] {logging_mixin.py:188} INFO - [2024-05-31T16:40:07.110+0000] {dagbag.py:538} INFO - Filling up the DagBag from /home/airflow/.local/lib/python3.8/site-packages/airflow/example_dags/example_python_decorator.py
[2024-05-31T16:40:07.129+0000] {processor.py:840} INFO - DAG(s) 'example_python_decorator' retrieved from /home/airflow/.local/lib/python3.8/site-packages/airflow/example_dags/example_python_decorator.py
[2024-05-31T16:40:07.165+0000] {logging_mixin.py:188} INFO - [2024-05-31T16:40:07.164+0000] {dag.py:3036} INFO - Sync 1 DAGs
[2024-05-31T16:40:07.184+0000] {logging_mixin.py:188} INFO - [2024-05-31T16:40:07.184+0000] {dag.py:3823} INFO - Setting next_dagrun for example_python_decorator to None, run_after=None
[2024-05-31T16:40:07.212+0000] {processor.py:183} INFO - Processing /home/airflow/.local/lib/python3.8/site-packages/airflow/example_dags/example_python_decorator.py took 0.109 seconds
[2024-05-31T16:40:37.486+0000] {processor.py:161} INFO - Started process (PID=151) to work on /home/airflow/.local/lib/python3.8/site-packages/airflow/example_dags/example_python_decorator.py
[2024-05-31T16:40:37.488+0000] {processor.py:830} INFO - Processing file /home/airflow/.local/lib/python3.8/site-packages/airflow/example_dags/example_python_decorator.py for tasks to queue
[2024-05-31T16:40:37.489+0000] {logging_mixin.py:188} INFO - [2024-05-31T16:40:37.489+0000] {dagbag.py:538} INFO - Filling up the DagBag from /home/airflow/.local/lib/python3.8/site-packages/airflow/example_dags/example_python_decorator.py
[2024-05-31T16:40:37.508+0000] {processor.py:840} INFO - DAG(s) 'example_python_decorator' retrieved from /home/airflow/.local/lib/python3.8/site-packages/airflow/example_dags/example_python_decorator.py
[2024-05-31T16:40:37.537+0000] {logging_mixin.py:188} INFO - [2024-05-31T16:40:37.537+0000] {dag.py:3036} INFO - Sync 1 DAGs
[2024-05-31T16:40:37.554+0000] {logging_mixin.py:188} INFO - [2024-05-31T16:40:37.554+0000] {dag.py:3823} INFO - Setting next_dagrun for example_python_decorator to None, run_after=None
[2024-05-31T16:40:37.577+0000] {processor.py:183} INFO - Processing /home/airflow/.local/lib/python3.8/site-packages/airflow/example_dags/example_python_decorator.py took 0.091 seconds
[2024-05-31T16:41:08.786+0000] {processor.py:161} INFO - Started process (PID=207) to work on /home/airflow/.local/lib/python3.8/site-packages/airflow/example_dags/example_python_decorator.py
[2024-05-31T16:41:08.788+0000] {processor.py:830} INFO - Processing file /home/airflow/.local/lib/python3.8/site-packages/airflow/example_dags/example_python_decorator.py for tasks to queue
[2024-05-31T16:41:08.790+0000] {logging_mixin.py:188} INFO - [2024-05-31T16:41:08.790+0000] {dagbag.py:538} INFO - Filling up the DagBag from /home/airflow/.local/lib/python3.8/site-packages/airflow/example_dags/example_python_decorator.py
[2024-05-31T16:41:08.812+0000] {processor.py:840} INFO - DAG(s) 'example_python_decorator' retrieved from /home/airflow/.local/lib/python3.8/site-packages/airflow/example_dags/example_python_decorator.py
[2024-05-31T16:41:08.989+0000] {logging_mixin.py:188} INFO - [2024-05-31T16:41:08.989+0000] {dag.py:3036} INFO - Sync 1 DAGs
[2024-05-31T16:41:09.007+0000] {logging_mixin.py:188} INFO - [2024-05-31T16:41:09.006+0000] {dag.py:3823} INFO - Setting next_dagrun for example_python_decorator to None, run_after=None
[2024-05-31T16:41:09.043+0000] {processor.py:183} INFO - Processing /home/airflow/.local/lib/python3.8/site-packages/airflow/example_dags/example_python_decorator.py took 0.262 seconds
[2024-05-31T16:41:39.186+0000] {processor.py:161} INFO - Started process (PID=263) to work on /home/airflow/.local/lib/python3.8/site-packages/airflow/example_dags/example_python_decorator.py
[2024-05-31T16:41:39.187+0000] {processor.py:830} INFO - Processing file /home/airflow/.local/lib/python3.8/site-packages/airflow/example_dags/example_python_decorator.py for tasks to queue
[2024-05-31T16:41:39.188+0000] {logging_mixin.py:188} INFO - [2024-05-31T16:41:39.188+0000] {dagbag.py:538} INFO - Filling up the DagBag from /home/airflow/.local/lib/python3.8/site-packages/airflow/example_dags/example_python_decorator.py
[2024-05-31T16:41:39.205+0000] {processor.py:840} INFO - DAG(s) 'example_python_decorator' retrieved from /home/airflow/.local/lib/python3.8/site-packages/airflow/example_dags/example_python_decorator.py
[2024-05-31T16:41:39.232+0000] {logging_mixin.py:188} INFO - [2024-05-31T16:41:39.231+0000] {dag.py:3036} INFO - Sync 1 DAGs
[2024-05-31T16:41:39.247+0000] {logging_mixin.py:188} INFO - [2024-05-31T16:41:39.246+0000] {dag.py:3823} INFO - Setting next_dagrun for example_python_decorator to None, run_after=None
[2024-05-31T16:41:39.273+0000] {processor.py:183} INFO - Processing /home/airflow/.local/lib/python3.8/site-packages/airflow/example_dags/example_python_decorator.py took 0.091 seconds
[2024-05-31T16:42:10.249+0000] {processor.py:161} INFO - Started process (PID=325) to work on /home/airflow/.local/lib/python3.8/site-packages/airflow/example_dags/example_python_decorator.py
[2024-05-31T16:42:10.251+0000] {processor.py:830} INFO - Processing file /home/airflow/.local/lib/python3.8/site-packages/airflow/example_dags/example_python_decorator.py for tasks to queue
[2024-05-31T16:42:10.251+0000] {logging_mixin.py:188} INFO - [2024-05-31T16:42:10.251+0000] {dagbag.py:538} INFO - Filling up the DagBag from /home/airflow/.local/lib/python3.8/site-packages/airflow/example_dags/example_python_decorator.py
[2024-05-31T16:42:10.263+0000] {processor.py:840} INFO - DAG(s) 'example_python_decorator' retrieved from /home/airflow/.local/lib/python3.8/site-packages/airflow/example_dags/example_python_decorator.py
[2024-05-31T16:42:10.283+0000] {logging_mixin.py:188} INFO - [2024-05-31T16:42:10.283+0000] {dag.py:3036} INFO - Sync 1 DAGs
[2024-05-31T16:42:10.295+0000] {logging_mixin.py:188} INFO - [2024-05-31T16:42:10.295+0000] {dag.py:3823} INFO - Setting next_dagrun for example_python_decorator to None, run_after=None
[2024-05-31T16:42:10.315+0000] {processor.py:183} INFO - Processing /home/airflow/.local/lib/python3.8/site-packages/airflow/example_dags/example_python_decorator.py took 0.068 seconds
