[2024-05-31T16:38:35.510+0000] {processor.py:161} INFO - Started process (PID=44) to work on /home/airflow/.local/lib/python3.8/site-packages/airflow/example_dags/example_branch_day_of_week_operator.py
[2024-05-31T16:38:35.512+0000] {processor.py:830} INFO - Processing file /home/airflow/.local/lib/python3.8/site-packages/airflow/example_dags/example_branch_day_of_week_operator.py for tasks to queue
[2024-05-31T16:38:35.526+0000] {logging_mixin.py:188} INFO - [2024-05-31T16:38:35.525+0000] {dagbag.py:538} INFO - Filling up the DagBag from /home/airflow/.local/lib/python3.8/site-packages/airflow/example_dags/example_branch_day_of_week_operator.py
[2024-05-31T16:38:35.555+0000] {processor.py:840} INFO - DAG(s) 'example_weekday_branch_operator' retrieved from /home/airflow/.local/lib/python3.8/site-packages/airflow/example_dags/example_branch_day_of_week_operator.py
[2024-05-31T16:38:35.685+0000] {logging_mixin.py:188} INFO - [2024-05-31T16:38:35.685+0000] {dag.py:3036} INFO - Sync 1 DAGs
[2024-05-31T16:38:35.718+0000] {logging_mixin.py:188} INFO - [2024-05-31T16:38:35.718+0000] {dag.py:3823} INFO - Setting next_dagrun for example_weekday_branch_operator to 2024-05-30 00:00:00+00:00, run_after=2024-05-31 00:00:00+00:00
[2024-05-31T16:38:35.754+0000] {processor.py:183} INFO - Processing /home/airflow/.local/lib/python3.8/site-packages/airflow/example_dags/example_branch_day_of_week_operator.py took 0.247 seconds
[2024-05-31T16:40:07.253+0000] {processor.py:161} INFO - Started process (PID=99) to work on /home/airflow/.local/lib/python3.8/site-packages/airflow/example_dags/example_branch_day_of_week_operator.py
[2024-05-31T16:40:07.255+0000] {processor.py:830} INFO - Processing file /home/airflow/.local/lib/python3.8/site-packages/airflow/example_dags/example_branch_day_of_week_operator.py for tasks to queue
[2024-05-31T16:40:07.257+0000] {logging_mixin.py:188} INFO - [2024-05-31T16:40:07.256+0000] {dagbag.py:538} INFO - Filling up the DagBag from /home/airflow/.local/lib/python3.8/site-packages/airflow/example_dags/example_branch_day_of_week_operator.py
[2024-05-31T16:40:07.266+0000] {processor.py:840} INFO - DAG(s) 'example_weekday_branch_operator' retrieved from /home/airflow/.local/lib/python3.8/site-packages/airflow/example_dags/example_branch_day_of_week_operator.py
[2024-05-31T16:40:07.295+0000] {logging_mixin.py:188} INFO - [2024-05-31T16:40:07.295+0000] {dag.py:3036} INFO - Sync 1 DAGs
[2024-05-31T16:40:07.325+0000] {logging_mixin.py:188} INFO - [2024-05-31T16:40:07.325+0000] {dag.py:3823} INFO - Setting next_dagrun for example_weekday_branch_operator to 2024-05-30 00:00:00+00:00, run_after=2024-05-31 00:00:00+00:00
[2024-05-31T16:40:07.354+0000] {processor.py:183} INFO - Processing /home/airflow/.local/lib/python3.8/site-packages/airflow/example_dags/example_branch_day_of_week_operator.py took 0.106 seconds
[2024-05-31T16:40:37.497+0000] {processor.py:161} INFO - Started process (PID=152) to work on /home/airflow/.local/lib/python3.8/site-packages/airflow/example_dags/example_branch_day_of_week_operator.py
[2024-05-31T16:40:37.498+0000] {processor.py:830} INFO - Processing file /home/airflow/.local/lib/python3.8/site-packages/airflow/example_dags/example_branch_day_of_week_operator.py for tasks to queue
[2024-05-31T16:40:37.500+0000] {logging_mixin.py:188} INFO - [2024-05-31T16:40:37.499+0000] {dagbag.py:538} INFO - Filling up the DagBag from /home/airflow/.local/lib/python3.8/site-packages/airflow/example_dags/example_branch_day_of_week_operator.py
[2024-05-31T16:40:37.516+0000] {processor.py:840} INFO - DAG(s) 'example_weekday_branch_operator' retrieved from /home/airflow/.local/lib/python3.8/site-packages/airflow/example_dags/example_branch_day_of_week_operator.py
[2024-05-31T16:40:37.542+0000] {logging_mixin.py:188} INFO - [2024-05-31T16:40:37.541+0000] {dag.py:3036} INFO - Sync 1 DAGs
[2024-05-31T16:40:37.570+0000] {logging_mixin.py:188} INFO - [2024-05-31T16:40:37.569+0000] {dag.py:3823} INFO - Setting next_dagrun for example_weekday_branch_operator to 2024-05-30 00:00:00+00:00, run_after=2024-05-31 00:00:00+00:00
[2024-05-31T16:40:37.596+0000] {processor.py:183} INFO - Processing /home/airflow/.local/lib/python3.8/site-packages/airflow/example_dags/example_branch_day_of_week_operator.py took 0.098 seconds
[2024-05-31T16:41:08.799+0000] {processor.py:161} INFO - Started process (PID=208) to work on /home/airflow/.local/lib/python3.8/site-packages/airflow/example_dags/example_branch_day_of_week_operator.py
[2024-05-31T16:41:08.801+0000] {processor.py:830} INFO - Processing file /home/airflow/.local/lib/python3.8/site-packages/airflow/example_dags/example_branch_day_of_week_operator.py for tasks to queue
[2024-05-31T16:41:08.803+0000] {logging_mixin.py:188} INFO - [2024-05-31T16:41:08.802+0000] {dagbag.py:538} INFO - Filling up the DagBag from /home/airflow/.local/lib/python3.8/site-packages/airflow/example_dags/example_branch_day_of_week_operator.py
[2024-05-31T16:41:08.816+0000] {processor.py:840} INFO - DAG(s) 'example_weekday_branch_operator' retrieved from /home/airflow/.local/lib/python3.8/site-packages/airflow/example_dags/example_branch_day_of_week_operator.py
[2024-05-31T16:41:08.985+0000] {logging_mixin.py:188} INFO - [2024-05-31T16:41:08.985+0000] {dag.py:3036} INFO - Sync 1 DAGs
[2024-05-31T16:41:09.021+0000] {logging_mixin.py:188} INFO - [2024-05-31T16:41:09.021+0000] {dag.py:3823} INFO - Setting next_dagrun for example_weekday_branch_operator to 2024-05-30 00:00:00+00:00, run_after=2024-05-31 00:00:00+00:00
[2024-05-31T16:41:09.055+0000] {processor.py:183} INFO - Processing /home/airflow/.local/lib/python3.8/site-packages/airflow/example_dags/example_branch_day_of_week_operator.py took 0.260 seconds
[2024-05-31T16:41:39.292+0000] {processor.py:161} INFO - Started process (PID=264) to work on /home/airflow/.local/lib/python3.8/site-packages/airflow/example_dags/example_branch_day_of_week_operator.py
[2024-05-31T16:41:39.293+0000] {processor.py:830} INFO - Processing file /home/airflow/.local/lib/python3.8/site-packages/airflow/example_dags/example_branch_day_of_week_operator.py for tasks to queue
[2024-05-31T16:41:39.294+0000] {logging_mixin.py:188} INFO - [2024-05-31T16:41:39.293+0000] {dagbag.py:538} INFO - Filling up the DagBag from /home/airflow/.local/lib/python3.8/site-packages/airflow/example_dags/example_branch_day_of_week_operator.py
[2024-05-31T16:41:39.303+0000] {processor.py:840} INFO - DAG(s) 'example_weekday_branch_operator' retrieved from /home/airflow/.local/lib/python3.8/site-packages/airflow/example_dags/example_branch_day_of_week_operator.py
[2024-05-31T16:41:39.329+0000] {logging_mixin.py:188} INFO - [2024-05-31T16:41:39.328+0000] {dag.py:3036} INFO - Sync 1 DAGs
[2024-05-31T16:41:39.361+0000] {logging_mixin.py:188} INFO - [2024-05-31T16:41:39.360+0000] {dag.py:3823} INFO - Setting next_dagrun for example_weekday_branch_operator to 2024-05-30 00:00:00+00:00, run_after=2024-05-31 00:00:00+00:00
[2024-05-31T16:41:39.390+0000] {processor.py:183} INFO - Processing /home/airflow/.local/lib/python3.8/site-packages/airflow/example_dags/example_branch_day_of_week_operator.py took 0.101 seconds
[2024-05-31T16:42:10.339+0000] {processor.py:161} INFO - Started process (PID=326) to work on /home/airflow/.local/lib/python3.8/site-packages/airflow/example_dags/example_branch_day_of_week_operator.py
[2024-05-31T16:42:10.341+0000] {processor.py:830} INFO - Processing file /home/airflow/.local/lib/python3.8/site-packages/airflow/example_dags/example_branch_day_of_week_operator.py for tasks to queue
[2024-05-31T16:42:10.342+0000] {logging_mixin.py:188} INFO - [2024-05-31T16:42:10.341+0000] {dagbag.py:538} INFO - Filling up the DagBag from /home/airflow/.local/lib/python3.8/site-packages/airflow/example_dags/example_branch_day_of_week_operator.py
[2024-05-31T16:42:10.349+0000] {processor.py:840} INFO - DAG(s) 'example_weekday_branch_operator' retrieved from /home/airflow/.local/lib/python3.8/site-packages/airflow/example_dags/example_branch_day_of_week_operator.py
[2024-05-31T16:42:10.369+0000] {logging_mixin.py:188} INFO - [2024-05-31T16:42:10.369+0000] {dag.py:3036} INFO - Sync 1 DAGs
[2024-05-31T16:42:10.394+0000] {logging_mixin.py:188} INFO - [2024-05-31T16:42:10.394+0000] {dag.py:3823} INFO - Setting next_dagrun for example_weekday_branch_operator to 2024-05-30 00:00:00+00:00, run_after=2024-05-31 00:00:00+00:00
[2024-05-31T16:42:10.416+0000] {processor.py:183} INFO - Processing /home/airflow/.local/lib/python3.8/site-packages/airflow/example_dags/example_branch_day_of_week_operator.py took 0.079 seconds
