[2024-05-31T16:40:01.952+0000] {processor.py:161} INFO - Started process (PID=80) to work on /home/airflow/.local/lib/python3.8/site-packages/airflow/example_dags/example_params_trigger_ui.py
[2024-05-31T16:40:01.954+0000] {processor.py:830} INFO - Processing file /home/airflow/.local/lib/python3.8/site-packages/airflow/example_dags/example_params_trigger_ui.py for tasks to queue
[2024-05-31T16:40:01.956+0000] {logging_mixin.py:188} INFO - [2024-05-31T16:40:01.955+0000] {dagbag.py:538} INFO - Filling up the DagBag from /home/airflow/.local/lib/python3.8/site-packages/airflow/example_dags/example_params_trigger_ui.py
[2024-05-31T16:40:01.976+0000] {processor.py:840} INFO - DAG(s) 'example_params_trigger_ui' retrieved from /home/airflow/.local/lib/python3.8/site-packages/airflow/example_dags/example_params_trigger_ui.py
[2024-05-31T16:40:02.201+0000] {logging_mixin.py:188} INFO - [2024-05-31T16:40:02.200+0000] {dag.py:3036} INFO - Sync 1 DAGs
[2024-05-31T16:40:02.219+0000] {logging_mixin.py:188} INFO - [2024-05-31T16:40:02.218+0000] {dag.py:3823} INFO - Setting next_dagrun for example_params_trigger_ui to None, run_after=None
[2024-05-31T16:40:02.258+0000] {processor.py:183} INFO - Processing /home/airflow/.local/lib/python3.8/site-packages/airflow/example_dags/example_params_trigger_ui.py took 0.310 seconds
[2024-05-31T16:40:32.894+0000] {processor.py:161} INFO - Started process (PID=135) to work on /home/airflow/.local/lib/python3.8/site-packages/airflow/example_dags/example_params_trigger_ui.py
[2024-05-31T16:40:32.896+0000] {processor.py:830} INFO - Processing file /home/airflow/.local/lib/python3.8/site-packages/airflow/example_dags/example_params_trigger_ui.py for tasks to queue
[2024-05-31T16:40:32.898+0000] {logging_mixin.py:188} INFO - [2024-05-31T16:40:32.897+0000] {dagbag.py:538} INFO - Filling up the DagBag from /home/airflow/.local/lib/python3.8/site-packages/airflow/example_dags/example_params_trigger_ui.py
[2024-05-31T16:40:32.927+0000] {processor.py:840} INFO - DAG(s) 'example_params_trigger_ui' retrieved from /home/airflow/.local/lib/python3.8/site-packages/airflow/example_dags/example_params_trigger_ui.py
[2024-05-31T16:40:32.950+0000] {logging_mixin.py:188} INFO - [2024-05-31T16:40:32.949+0000] {dag.py:3036} INFO - Sync 1 DAGs
[2024-05-31T16:40:32.973+0000] {logging_mixin.py:188} INFO - [2024-05-31T16:40:32.973+0000] {dag.py:3823} INFO - Setting next_dagrun for example_params_trigger_ui to None, run_after=None
[2024-05-31T16:40:33.009+0000] {processor.py:183} INFO - Processing /home/airflow/.local/lib/python3.8/site-packages/airflow/example_dags/example_params_trigger_ui.py took 0.120 seconds
[2024-05-31T16:41:04.015+0000] {processor.py:161} INFO - Started process (PID=191) to work on /home/airflow/.local/lib/python3.8/site-packages/airflow/example_dags/example_params_trigger_ui.py
[2024-05-31T16:41:04.017+0000] {processor.py:830} INFO - Processing file /home/airflow/.local/lib/python3.8/site-packages/airflow/example_dags/example_params_trigger_ui.py for tasks to queue
[2024-05-31T16:41:04.018+0000] {logging_mixin.py:188} INFO - [2024-05-31T16:41:04.018+0000] {dagbag.py:538} INFO - Filling up the DagBag from /home/airflow/.local/lib/python3.8/site-packages/airflow/example_dags/example_params_trigger_ui.py
[2024-05-31T16:41:04.052+0000] {processor.py:840} INFO - DAG(s) 'example_params_trigger_ui' retrieved from /home/airflow/.local/lib/python3.8/site-packages/airflow/example_dags/example_params_trigger_ui.py
[2024-05-31T16:41:04.618+0000] {logging_mixin.py:188} INFO - [2024-05-31T16:41:04.617+0000] {dag.py:3036} INFO - Sync 1 DAGs
[2024-05-31T16:41:04.662+0000] {logging_mixin.py:188} INFO - [2024-05-31T16:41:04.662+0000] {dag.py:3823} INFO - Setting next_dagrun for example_params_trigger_ui to None, run_after=None
[2024-05-31T16:41:04.744+0000] {processor.py:183} INFO - Processing /home/airflow/.local/lib/python3.8/site-packages/airflow/example_dags/example_params_trigger_ui.py took 0.732 seconds
[2024-05-31T16:41:35.240+0000] {processor.py:161} INFO - Started process (PID=247) to work on /home/airflow/.local/lib/python3.8/site-packages/airflow/example_dags/example_params_trigger_ui.py
[2024-05-31T16:41:35.241+0000] {processor.py:830} INFO - Processing file /home/airflow/.local/lib/python3.8/site-packages/airflow/example_dags/example_params_trigger_ui.py for tasks to queue
[2024-05-31T16:41:35.242+0000] {logging_mixin.py:188} INFO - [2024-05-31T16:41:35.242+0000] {dagbag.py:538} INFO - Filling up the DagBag from /home/airflow/.local/lib/python3.8/site-packages/airflow/example_dags/example_params_trigger_ui.py
[2024-05-31T16:41:35.253+0000] {processor.py:840} INFO - DAG(s) 'example_params_trigger_ui' retrieved from /home/airflow/.local/lib/python3.8/site-packages/airflow/example_dags/example_params_trigger_ui.py
[2024-05-31T16:41:35.300+0000] {logging_mixin.py:188} INFO - [2024-05-31T16:41:35.300+0000] {dag.py:3036} INFO - Sync 1 DAGs
[2024-05-31T16:41:35.312+0000] {logging_mixin.py:188} INFO - [2024-05-31T16:41:35.312+0000] {dag.py:3823} INFO - Setting next_dagrun for example_params_trigger_ui to None, run_after=None
[2024-05-31T16:41:35.331+0000] {processor.py:183} INFO - Processing /home/airflow/.local/lib/python3.8/site-packages/airflow/example_dags/example_params_trigger_ui.py took 0.093 seconds
[2024-05-31T16:42:05.420+0000] {processor.py:161} INFO - Started process (PID=303) to work on /home/airflow/.local/lib/python3.8/site-packages/airflow/example_dags/example_params_trigger_ui.py
[2024-05-31T16:42:05.421+0000] {processor.py:830} INFO - Processing file /home/airflow/.local/lib/python3.8/site-packages/airflow/example_dags/example_params_trigger_ui.py for tasks to queue
[2024-05-31T16:42:05.422+0000] {logging_mixin.py:188} INFO - [2024-05-31T16:42:05.422+0000] {dagbag.py:538} INFO - Filling up the DagBag from /home/airflow/.local/lib/python3.8/site-packages/airflow/example_dags/example_params_trigger_ui.py
[2024-05-31T16:42:05.433+0000] {processor.py:840} INFO - DAG(s) 'example_params_trigger_ui' retrieved from /home/airflow/.local/lib/python3.8/site-packages/airflow/example_dags/example_params_trigger_ui.py
[2024-05-31T16:42:05.484+0000] {logging_mixin.py:188} INFO - [2024-05-31T16:42:05.484+0000] {dag.py:3036} INFO - Sync 1 DAGs
[2024-05-31T16:42:05.495+0000] {logging_mixin.py:188} INFO - [2024-05-31T16:42:05.495+0000] {dag.py:3823} INFO - Setting next_dagrun for example_params_trigger_ui to None, run_after=None
[2024-05-31T16:42:05.515+0000] {processor.py:183} INFO - Processing /home/airflow/.local/lib/python3.8/site-packages/airflow/example_dags/example_params_trigger_ui.py took 0.097 seconds
