[2024-05-31T16:40:02.208+0000] {processor.py:161} INFO - Started process (PID=81) to work on /home/airflow/.local/lib/python3.8/site-packages/airflow/example_dags/example_setup_teardown_taskflow.py
[2024-05-31T16:40:02.210+0000] {processor.py:830} INFO - Processing file /home/airflow/.local/lib/python3.8/site-packages/airflow/example_dags/example_setup_teardown_taskflow.py for tasks to queue
[2024-05-31T16:40:02.212+0000] {logging_mixin.py:188} INFO - [2024-05-31T16:40:02.212+0000] {dagbag.py:538} INFO - Filling up the DagBag from /home/airflow/.local/lib/python3.8/site-packages/airflow/example_dags/example_setup_teardown_taskflow.py
[2024-05-31T16:40:02.235+0000] {processor.py:840} INFO - DAG(s) 'example_setup_teardown_taskflow' retrieved from /home/airflow/.local/lib/python3.8/site-packages/airflow/example_dags/example_setup_teardown_taskflow.py
[2024-05-31T16:40:02.411+0000] {logging_mixin.py:188} INFO - [2024-05-31T16:40:02.411+0000] {dag.py:3036} INFO - Sync 1 DAGs
[2024-05-31T16:40:02.525+0000] {logging_mixin.py:188} INFO - [2024-05-31T16:40:02.524+0000] {dag.py:3823} INFO - Setting next_dagrun for example_setup_teardown_taskflow to 2024-05-30 00:00:00+00:00, run_after=2024-05-31 00:00:00+00:00
[2024-05-31T16:40:02.624+0000] {processor.py:183} INFO - Processing /home/airflow/.local/lib/python3.8/site-packages/airflow/example_dags/example_setup_teardown_taskflow.py took 0.420 seconds
[2024-05-31T16:40:33.069+0000] {processor.py:161} INFO - Started process (PID=136) to work on /home/airflow/.local/lib/python3.8/site-packages/airflow/example_dags/example_setup_teardown_taskflow.py
[2024-05-31T16:40:33.071+0000] {processor.py:830} INFO - Processing file /home/airflow/.local/lib/python3.8/site-packages/airflow/example_dags/example_setup_teardown_taskflow.py for tasks to queue
[2024-05-31T16:40:33.074+0000] {logging_mixin.py:188} INFO - [2024-05-31T16:40:33.073+0000] {dagbag.py:538} INFO - Filling up the DagBag from /home/airflow/.local/lib/python3.8/site-packages/airflow/example_dags/example_setup_teardown_taskflow.py
[2024-05-31T16:40:33.095+0000] {processor.py:840} INFO - DAG(s) 'example_setup_teardown_taskflow' retrieved from /home/airflow/.local/lib/python3.8/site-packages/airflow/example_dags/example_setup_teardown_taskflow.py
[2024-05-31T16:40:33.115+0000] {logging_mixin.py:188} INFO - [2024-05-31T16:40:33.114+0000] {dag.py:3036} INFO - Sync 1 DAGs
[2024-05-31T16:40:33.173+0000] {logging_mixin.py:188} INFO - [2024-05-31T16:40:33.173+0000] {dag.py:3823} INFO - Setting next_dagrun for example_setup_teardown_taskflow to 2024-05-30 00:00:00+00:00, run_after=2024-05-31 00:00:00+00:00
[2024-05-31T16:40:33.243+0000] {processor.py:183} INFO - Processing /home/airflow/.local/lib/python3.8/site-packages/airflow/example_dags/example_setup_teardown_taskflow.py took 0.181 seconds
[2024-05-31T16:41:04.836+0000] {processor.py:161} INFO - Started process (PID=192) to work on /home/airflow/.local/lib/python3.8/site-packages/airflow/example_dags/example_setup_teardown_taskflow.py
[2024-05-31T16:41:04.838+0000] {processor.py:830} INFO - Processing file /home/airflow/.local/lib/python3.8/site-packages/airflow/example_dags/example_setup_teardown_taskflow.py for tasks to queue
[2024-05-31T16:41:04.840+0000] {logging_mixin.py:188} INFO - [2024-05-31T16:41:04.839+0000] {dagbag.py:538} INFO - Filling up the DagBag from /home/airflow/.local/lib/python3.8/site-packages/airflow/example_dags/example_setup_teardown_taskflow.py
[2024-05-31T16:41:04.857+0000] {processor.py:840} INFO - DAG(s) 'example_setup_teardown_taskflow' retrieved from /home/airflow/.local/lib/python3.8/site-packages/airflow/example_dags/example_setup_teardown_taskflow.py
[2024-05-31T16:41:05.040+0000] {logging_mixin.py:188} INFO - [2024-05-31T16:41:05.039+0000] {dag.py:3036} INFO - Sync 1 DAGs
[2024-05-31T16:41:05.084+0000] {logging_mixin.py:188} INFO - [2024-05-31T16:41:05.084+0000] {dag.py:3823} INFO - Setting next_dagrun for example_setup_teardown_taskflow to 2024-05-30 00:00:00+00:00, run_after=2024-05-31 00:00:00+00:00
[2024-05-31T16:41:05.117+0000] {processor.py:183} INFO - Processing /home/airflow/.local/lib/python3.8/site-packages/airflow/example_dags/example_setup_teardown_taskflow.py took 0.285 seconds
[2024-05-31T16:41:35.318+0000] {processor.py:161} INFO - Started process (PID=248) to work on /home/airflow/.local/lib/python3.8/site-packages/airflow/example_dags/example_setup_teardown_taskflow.py
[2024-05-31T16:41:35.320+0000] {processor.py:830} INFO - Processing file /home/airflow/.local/lib/python3.8/site-packages/airflow/example_dags/example_setup_teardown_taskflow.py for tasks to queue
[2024-05-31T16:41:35.321+0000] {logging_mixin.py:188} INFO - [2024-05-31T16:41:35.320+0000] {dagbag.py:538} INFO - Filling up the DagBag from /home/airflow/.local/lib/python3.8/site-packages/airflow/example_dags/example_setup_teardown_taskflow.py
[2024-05-31T16:41:35.330+0000] {processor.py:840} INFO - DAG(s) 'example_setup_teardown_taskflow' retrieved from /home/airflow/.local/lib/python3.8/site-packages/airflow/example_dags/example_setup_teardown_taskflow.py
[2024-05-31T16:41:35.351+0000] {logging_mixin.py:188} INFO - [2024-05-31T16:41:35.351+0000] {dag.py:3036} INFO - Sync 1 DAGs
[2024-05-31T16:41:35.373+0000] {logging_mixin.py:188} INFO - [2024-05-31T16:41:35.372+0000] {dag.py:3823} INFO - Setting next_dagrun for example_setup_teardown_taskflow to 2024-05-30 00:00:00+00:00, run_after=2024-05-31 00:00:00+00:00
[2024-05-31T16:41:35.392+0000] {processor.py:183} INFO - Processing /home/airflow/.local/lib/python3.8/site-packages/airflow/example_dags/example_setup_teardown_taskflow.py took 0.076 seconds
[2024-05-31T16:42:05.505+0000] {processor.py:161} INFO - Started process (PID=304) to work on /home/airflow/.local/lib/python3.8/site-packages/airflow/example_dags/example_setup_teardown_taskflow.py
[2024-05-31T16:42:05.506+0000] {processor.py:830} INFO - Processing file /home/airflow/.local/lib/python3.8/site-packages/airflow/example_dags/example_setup_teardown_taskflow.py for tasks to queue
[2024-05-31T16:42:05.507+0000] {logging_mixin.py:188} INFO - [2024-05-31T16:42:05.506+0000] {dagbag.py:538} INFO - Filling up the DagBag from /home/airflow/.local/lib/python3.8/site-packages/airflow/example_dags/example_setup_teardown_taskflow.py
[2024-05-31T16:42:05.516+0000] {processor.py:840} INFO - DAG(s) 'example_setup_teardown_taskflow' retrieved from /home/airflow/.local/lib/python3.8/site-packages/airflow/example_dags/example_setup_teardown_taskflow.py
[2024-05-31T16:42:05.536+0000] {logging_mixin.py:188} INFO - [2024-05-31T16:42:05.536+0000] {dag.py:3036} INFO - Sync 1 DAGs
[2024-05-31T16:42:05.555+0000] {logging_mixin.py:188} INFO - [2024-05-31T16:42:05.555+0000] {dag.py:3823} INFO - Setting next_dagrun for example_setup_teardown_taskflow to 2024-05-30 00:00:00+00:00, run_after=2024-05-31 00:00:00+00:00
[2024-05-31T16:42:05.575+0000] {processor.py:183} INFO - Processing /home/airflow/.local/lib/python3.8/site-packages/airflow/example_dags/example_setup_teardown_taskflow.py took 0.073 seconds
