[2024-05-31T16:38:34.668+0000] {processor.py:161} INFO - Started process (PID=40) to work on /home/airflow/.local/lib/python3.8/site-packages/airflow/example_dags/example_kubernetes_executor.py
[2024-05-31T16:38:34.675+0000] {processor.py:830} INFO - Processing file /home/airflow/.local/lib/python3.8/site-packages/airflow/example_dags/example_kubernetes_executor.py for tasks to queue
[2024-05-31T16:38:34.677+0000] {logging_mixin.py:188} INFO - [2024-05-31T16:38:34.676+0000] {dagbag.py:538} INFO - Filling up the DagBag from /home/airflow/.local/lib/python3.8/site-packages/airflow/example_dags/example_kubernetes_executor.py
[2024-05-31T16:38:34.705+0000] {processor.py:840} INFO - DAG(s) 'example_kubernetes_executor' retrieved from /home/airflow/.local/lib/python3.8/site-packages/airflow/example_dags/example_kubernetes_executor.py
[2024-05-31T16:38:34.928+0000] {logging_mixin.py:188} INFO - [2024-05-31T16:38:34.928+0000] {dag.py:3036} INFO - Sync 1 DAGs
[2024-05-31T16:38:34.940+0000] {logging_mixin.py:188} INFO - [2024-05-31T16:38:34.940+0000] {dag.py:3823} INFO - Setting next_dagrun for example_kubernetes_executor to None, run_after=None
[2024-05-31T16:38:34.962+0000] {processor.py:183} INFO - Processing /home/airflow/.local/lib/python3.8/site-packages/airflow/example_dags/example_kubernetes_executor.py took 0.296 seconds
[2024-05-31T16:40:06.334+0000] {processor.py:161} INFO - Started process (PID=95) to work on /home/airflow/.local/lib/python3.8/site-packages/airflow/example_dags/example_kubernetes_executor.py
[2024-05-31T16:40:06.339+0000] {processor.py:830} INFO - Processing file /home/airflow/.local/lib/python3.8/site-packages/airflow/example_dags/example_kubernetes_executor.py for tasks to queue
[2024-05-31T16:40:06.344+0000] {logging_mixin.py:188} INFO - [2024-05-31T16:40:06.343+0000] {dagbag.py:538} INFO - Filling up the DagBag from /home/airflow/.local/lib/python3.8/site-packages/airflow/example_dags/example_kubernetes_executor.py
[2024-05-31T16:40:06.448+0000] {processor.py:840} INFO - DAG(s) 'example_kubernetes_executor' retrieved from /home/airflow/.local/lib/python3.8/site-packages/airflow/example_dags/example_kubernetes_executor.py
[2024-05-31T16:40:06.624+0000] {logging_mixin.py:188} INFO - [2024-05-31T16:40:06.624+0000] {dag.py:3036} INFO - Sync 1 DAGs
[2024-05-31T16:40:06.651+0000] {logging_mixin.py:188} INFO - [2024-05-31T16:40:06.650+0000] {dag.py:3823} INFO - Setting next_dagrun for example_kubernetes_executor to None, run_after=None
[2024-05-31T16:40:06.709+0000] {processor.py:183} INFO - Processing /home/airflow/.local/lib/python3.8/site-packages/airflow/example_dags/example_kubernetes_executor.py took 0.383 seconds
[2024-05-31T16:40:36.983+0000] {processor.py:161} INFO - Started process (PID=148) to work on /home/airflow/.local/lib/python3.8/site-packages/airflow/example_dags/example_kubernetes_executor.py
[2024-05-31T16:40:36.984+0000] {processor.py:830} INFO - Processing file /home/airflow/.local/lib/python3.8/site-packages/airflow/example_dags/example_kubernetes_executor.py for tasks to queue
[2024-05-31T16:40:36.985+0000] {logging_mixin.py:188} INFO - [2024-05-31T16:40:36.985+0000] {dagbag.py:538} INFO - Filling up the DagBag from /home/airflow/.local/lib/python3.8/site-packages/airflow/example_dags/example_kubernetes_executor.py
[2024-05-31T16:40:37.018+0000] {processor.py:840} INFO - DAG(s) 'example_kubernetes_executor' retrieved from /home/airflow/.local/lib/python3.8/site-packages/airflow/example_dags/example_kubernetes_executor.py
[2024-05-31T16:40:37.030+0000] {logging_mixin.py:188} INFO - [2024-05-31T16:40:37.030+0000] {dag.py:3036} INFO - Sync 1 DAGs
[2024-05-31T16:40:37.045+0000] {logging_mixin.py:188} INFO - [2024-05-31T16:40:37.044+0000] {dag.py:3823} INFO - Setting next_dagrun for example_kubernetes_executor to None, run_after=None
[2024-05-31T16:40:37.066+0000] {processor.py:183} INFO - Processing /home/airflow/.local/lib/python3.8/site-packages/airflow/example_dags/example_kubernetes_executor.py took 0.086 seconds
[2024-05-31T16:41:08.016+0000] {processor.py:161} INFO - Started process (PID=204) to work on /home/airflow/.local/lib/python3.8/site-packages/airflow/example_dags/example_kubernetes_executor.py
[2024-05-31T16:41:08.022+0000] {processor.py:830} INFO - Processing file /home/airflow/.local/lib/python3.8/site-packages/airflow/example_dags/example_kubernetes_executor.py for tasks to queue
[2024-05-31T16:41:08.026+0000] {logging_mixin.py:188} INFO - [2024-05-31T16:41:08.025+0000] {dagbag.py:538} INFO - Filling up the DagBag from /home/airflow/.local/lib/python3.8/site-packages/airflow/example_dags/example_kubernetes_executor.py
[2024-05-31T16:41:08.093+0000] {processor.py:840} INFO - DAG(s) 'example_kubernetes_executor' retrieved from /home/airflow/.local/lib/python3.8/site-packages/airflow/example_dags/example_kubernetes_executor.py
[2024-05-31T16:41:08.516+0000] {logging_mixin.py:188} INFO - [2024-05-31T16:41:08.516+0000] {dag.py:3036} INFO - Sync 1 DAGs
[2024-05-31T16:41:08.538+0000] {logging_mixin.py:188} INFO - [2024-05-31T16:41:08.537+0000] {dag.py:3823} INFO - Setting next_dagrun for example_kubernetes_executor to None, run_after=None
[2024-05-31T16:41:08.570+0000] {processor.py:183} INFO - Processing /home/airflow/.local/lib/python3.8/site-packages/airflow/example_dags/example_kubernetes_executor.py took 0.575 seconds
[2024-05-31T16:41:38.808+0000] {processor.py:161} INFO - Started process (PID=260) to work on /home/airflow/.local/lib/python3.8/site-packages/airflow/example_dags/example_kubernetes_executor.py
[2024-05-31T16:41:38.809+0000] {processor.py:830} INFO - Processing file /home/airflow/.local/lib/python3.8/site-packages/airflow/example_dags/example_kubernetes_executor.py for tasks to queue
[2024-05-31T16:41:38.812+0000] {logging_mixin.py:188} INFO - [2024-05-31T16:41:38.811+0000] {dagbag.py:538} INFO - Filling up the DagBag from /home/airflow/.local/lib/python3.8/site-packages/airflow/example_dags/example_kubernetes_executor.py
[2024-05-31T16:41:38.844+0000] {processor.py:840} INFO - DAG(s) 'example_kubernetes_executor' retrieved from /home/airflow/.local/lib/python3.8/site-packages/airflow/example_dags/example_kubernetes_executor.py
[2024-05-31T16:41:38.942+0000] {logging_mixin.py:188} INFO - [2024-05-31T16:41:38.942+0000] {dag.py:3036} INFO - Sync 1 DAGs
[2024-05-31T16:41:38.968+0000] {logging_mixin.py:188} INFO - [2024-05-31T16:41:38.968+0000] {dag.py:3823} INFO - Setting next_dagrun for example_kubernetes_executor to None, run_after=None
[2024-05-31T16:41:39.011+0000] {processor.py:183} INFO - Processing /home/airflow/.local/lib/python3.8/site-packages/airflow/example_dags/example_kubernetes_executor.py took 0.207 seconds
[2024-05-31T16:42:09.946+0000] {processor.py:161} INFO - Started process (PID=322) to work on /home/airflow/.local/lib/python3.8/site-packages/airflow/example_dags/example_kubernetes_executor.py
[2024-05-31T16:42:09.948+0000] {processor.py:830} INFO - Processing file /home/airflow/.local/lib/python3.8/site-packages/airflow/example_dags/example_kubernetes_executor.py for tasks to queue
[2024-05-31T16:42:09.949+0000] {logging_mixin.py:188} INFO - [2024-05-31T16:42:09.949+0000] {dagbag.py:538} INFO - Filling up the DagBag from /home/airflow/.local/lib/python3.8/site-packages/airflow/example_dags/example_kubernetes_executor.py
[2024-05-31T16:42:09.963+0000] {processor.py:840} INFO - DAG(s) 'example_kubernetes_executor' retrieved from /home/airflow/.local/lib/python3.8/site-packages/airflow/example_dags/example_kubernetes_executor.py
[2024-05-31T16:42:10.001+0000] {logging_mixin.py:188} INFO - [2024-05-31T16:42:10.000+0000] {dag.py:3036} INFO - Sync 1 DAGs
[2024-05-31T16:42:10.014+0000] {logging_mixin.py:188} INFO - [2024-05-31T16:42:10.014+0000] {dag.py:3823} INFO - Setting next_dagrun for example_kubernetes_executor to None, run_after=None
[2024-05-31T16:42:10.107+0000] {processor.py:183} INFO - Processing /home/airflow/.local/lib/python3.8/site-packages/airflow/example_dags/example_kubernetes_executor.py took 0.164 seconds
