[2024-05-31T16:39:57.466+0000] {processor.py:161} INFO - Started process (PID=65) to work on /home/airflow/.local/lib/python3.8/site-packages/airflow/example_dags/example_task_group_decorator.py
[2024-05-31T16:39:57.468+0000] {processor.py:830} INFO - Processing file /home/airflow/.local/lib/python3.8/site-packages/airflow/example_dags/example_task_group_decorator.py for tasks to queue
[2024-05-31T16:39:57.470+0000] {logging_mixin.py:188} INFO - [2024-05-31T16:39:57.470+0000] {dagbag.py:538} INFO - Filling up the DagBag from /home/airflow/.local/lib/python3.8/site-packages/airflow/example_dags/example_task_group_decorator.py
[2024-05-31T16:39:57.527+0000] {processor.py:840} INFO - DAG(s) 'example_task_group_decorator' retrieved from /home/airflow/.local/lib/python3.8/site-packages/airflow/example_dags/example_task_group_decorator.py
[2024-05-31T16:39:58.040+0000] {logging_mixin.py:188} INFO - [2024-05-31T16:39:58.039+0000] {dag.py:3036} INFO - Sync 1 DAGs
[2024-05-31T16:39:58.181+0000] {logging_mixin.py:188} INFO - [2024-05-31T16:39:58.181+0000] {dag.py:3823} INFO - Setting next_dagrun for example_task_group_decorator to 2024-05-30 00:00:00+00:00, run_after=2024-05-31 00:00:00+00:00
[2024-05-31T16:39:58.254+0000] {processor.py:183} INFO - Processing /home/airflow/.local/lib/python3.8/site-packages/airflow/example_dags/example_task_group_decorator.py took 0.813 seconds
[2024-05-31T16:40:28.836+0000] {processor.py:161} INFO - Started process (PID=120) to work on /home/airflow/.local/lib/python3.8/site-packages/airflow/example_dags/example_task_group_decorator.py
[2024-05-31T16:40:28.849+0000] {processor.py:830} INFO - Processing file /home/airflow/.local/lib/python3.8/site-packages/airflow/example_dags/example_task_group_decorator.py for tasks to queue
[2024-05-31T16:40:28.855+0000] {logging_mixin.py:188} INFO - [2024-05-31T16:40:28.853+0000] {dagbag.py:538} INFO - Filling up the DagBag from /home/airflow/.local/lib/python3.8/site-packages/airflow/example_dags/example_task_group_decorator.py
[2024-05-31T16:40:28.982+0000] {processor.py:840} INFO - DAG(s) 'example_task_group_decorator' retrieved from /home/airflow/.local/lib/python3.8/site-packages/airflow/example_dags/example_task_group_decorator.py
[2024-05-31T16:40:29.070+0000] {logging_mixin.py:188} INFO - [2024-05-31T16:40:29.069+0000] {dag.py:3036} INFO - Sync 1 DAGs
[2024-05-31T16:40:29.154+0000] {logging_mixin.py:188} INFO - [2024-05-31T16:40:29.154+0000] {dag.py:3823} INFO - Setting next_dagrun for example_task_group_decorator to 2024-05-30 00:00:00+00:00, run_after=2024-05-31 00:00:00+00:00
[2024-05-31T16:40:29.189+0000] {processor.py:183} INFO - Processing /home/airflow/.local/lib/python3.8/site-packages/airflow/example_dags/example_task_group_decorator.py took 0.521 seconds
[2024-05-31T16:40:59.355+0000] {processor.py:161} INFO - Started process (PID=176) to work on /home/airflow/.local/lib/python3.8/site-packages/airflow/example_dags/example_task_group_decorator.py
[2024-05-31T16:40:59.357+0000] {processor.py:830} INFO - Processing file /home/airflow/.local/lib/python3.8/site-packages/airflow/example_dags/example_task_group_decorator.py for tasks to queue
[2024-05-31T16:40:59.358+0000] {logging_mixin.py:188} INFO - [2024-05-31T16:40:59.358+0000] {dagbag.py:538} INFO - Filling up the DagBag from /home/airflow/.local/lib/python3.8/site-packages/airflow/example_dags/example_task_group_decorator.py
[2024-05-31T16:40:59.374+0000] {processor.py:840} INFO - DAG(s) 'example_task_group_decorator' retrieved from /home/airflow/.local/lib/python3.8/site-packages/airflow/example_dags/example_task_group_decorator.py
[2024-05-31T16:40:59.488+0000] {logging_mixin.py:188} INFO - [2024-05-31T16:40:59.487+0000] {dag.py:3036} INFO - Sync 1 DAGs
[2024-05-31T16:40:59.511+0000] {logging_mixin.py:188} INFO - [2024-05-31T16:40:59.511+0000] {dag.py:3823} INFO - Setting next_dagrun for example_task_group_decorator to 2024-05-30 00:00:00+00:00, run_after=2024-05-31 00:00:00+00:00
[2024-05-31T16:40:59.537+0000] {processor.py:183} INFO - Processing /home/airflow/.local/lib/python3.8/site-packages/airflow/example_dags/example_task_group_decorator.py took 0.184 seconds
[2024-05-31T16:41:30.418+0000] {processor.py:161} INFO - Started process (PID=232) to work on /home/airflow/.local/lib/python3.8/site-packages/airflow/example_dags/example_task_group_decorator.py
[2024-05-31T16:41:30.419+0000] {processor.py:830} INFO - Processing file /home/airflow/.local/lib/python3.8/site-packages/airflow/example_dags/example_task_group_decorator.py for tasks to queue
[2024-05-31T16:41:30.420+0000] {logging_mixin.py:188} INFO - [2024-05-31T16:41:30.420+0000] {dagbag.py:538} INFO - Filling up the DagBag from /home/airflow/.local/lib/python3.8/site-packages/airflow/example_dags/example_task_group_decorator.py
[2024-05-31T16:41:30.435+0000] {processor.py:840} INFO - DAG(s) 'example_task_group_decorator' retrieved from /home/airflow/.local/lib/python3.8/site-packages/airflow/example_dags/example_task_group_decorator.py
[2024-05-31T16:41:30.459+0000] {logging_mixin.py:188} INFO - [2024-05-31T16:41:30.459+0000] {dag.py:3036} INFO - Sync 1 DAGs
[2024-05-31T16:41:30.479+0000] {logging_mixin.py:188} INFO - [2024-05-31T16:41:30.479+0000] {dag.py:3823} INFO - Setting next_dagrun for example_task_group_decorator to 2024-05-30 00:00:00+00:00, run_after=2024-05-31 00:00:00+00:00
[2024-05-31T16:41:30.498+0000] {processor.py:183} INFO - Processing /home/airflow/.local/lib/python3.8/site-packages/airflow/example_dags/example_task_group_decorator.py took 0.083 seconds
[2024-05-31T16:42:01.200+0000] {processor.py:161} INFO - Started process (PID=288) to work on /home/airflow/.local/lib/python3.8/site-packages/airflow/example_dags/example_task_group_decorator.py
[2024-05-31T16:42:01.201+0000] {processor.py:830} INFO - Processing file /home/airflow/.local/lib/python3.8/site-packages/airflow/example_dags/example_task_group_decorator.py for tasks to queue
[2024-05-31T16:42:01.202+0000] {logging_mixin.py:188} INFO - [2024-05-31T16:42:01.202+0000] {dagbag.py:538} INFO - Filling up the DagBag from /home/airflow/.local/lib/python3.8/site-packages/airflow/example_dags/example_task_group_decorator.py
[2024-05-31T16:42:01.270+0000] {processor.py:840} INFO - DAG(s) 'example_task_group_decorator' retrieved from /home/airflow/.local/lib/python3.8/site-packages/airflow/example_dags/example_task_group_decorator.py
[2024-05-31T16:42:01.350+0000] {logging_mixin.py:188} INFO - [2024-05-31T16:42:01.350+0000] {dag.py:3036} INFO - Sync 1 DAGs
[2024-05-31T16:42:01.427+0000] {logging_mixin.py:188} INFO - [2024-05-31T16:42:01.427+0000] {dag.py:3823} INFO - Setting next_dagrun for example_task_group_decorator to 2024-05-30 00:00:00+00:00, run_after=2024-05-31 00:00:00+00:00
[2024-05-31T16:42:01.465+0000] {processor.py:183} INFO - Processing /home/airflow/.local/lib/python3.8/site-packages/airflow/example_dags/example_task_group_decorator.py took 0.271 seconds
