[2024-05-31T16:39:40.570+0000] {processor.py:161} INFO - Started process (PID=61) to work on /home/airflow/.local/lib/python3.8/site-packages/airflow/example_dags/example_xcomargs.py
[2024-05-31T16:39:40.571+0000] {processor.py:830} INFO - Processing file /home/airflow/.local/lib/python3.8/site-packages/airflow/example_dags/example_xcomargs.py for tasks to queue
[2024-05-31T16:39:40.574+0000] {logging_mixin.py:188} INFO - [2024-05-31T16:39:40.572+0000] {dagbag.py:538} INFO - Filling up the DagBag from /home/airflow/.local/lib/python3.8/site-packages/airflow/example_dags/example_xcomargs.py
[2024-05-31T16:39:40.601+0000] {processor.py:840} INFO - DAG(s) 'example_xcom_args', 'example_xcom_args_with_operators' retrieved from /home/airflow/.local/lib/python3.8/site-packages/airflow/example_dags/example_xcomargs.py
[2024-05-31T16:39:56.234+0000] {logging_mixin.py:188} INFO - [2024-05-31T16:39:56.210+0000] {dag.py:3036} INFO - Sync 2 DAGs
[2024-05-31T16:39:56.377+0000] {logging_mixin.py:188} INFO - [2024-05-31T16:39:56.376+0000] {dag.py:3823} INFO - Setting next_dagrun for example_xcom_args to None, run_after=None
[2024-05-31T16:39:56.390+0000] {logging_mixin.py:188} INFO - [2024-05-31T16:39:56.389+0000] {dag.py:3823} INFO - Setting next_dagrun for example_xcom_args_with_operators to None, run_after=None
[2024-05-31T16:39:56.584+0000] {processor.py:183} INFO - Processing /home/airflow/.local/lib/python3.8/site-packages/airflow/example_dags/example_xcomargs.py took 16.018 seconds
[2024-05-31T16:40:27.254+0000] {processor.py:161} INFO - Started process (PID=116) to work on /home/airflow/.local/lib/python3.8/site-packages/airflow/example_dags/example_xcomargs.py
[2024-05-31T16:40:27.260+0000] {processor.py:830} INFO - Processing file /home/airflow/.local/lib/python3.8/site-packages/airflow/example_dags/example_xcomargs.py for tasks to queue
[2024-05-31T16:40:27.265+0000] {logging_mixin.py:188} INFO - [2024-05-31T16:40:27.263+0000] {dagbag.py:538} INFO - Filling up the DagBag from /home/airflow/.local/lib/python3.8/site-packages/airflow/example_dags/example_xcomargs.py
[2024-05-31T16:40:27.310+0000] {processor.py:840} INFO - DAG(s) 'example_xcom_args_with_operators', 'example_xcom_args' retrieved from /home/airflow/.local/lib/python3.8/site-packages/airflow/example_dags/example_xcomargs.py
[2024-05-31T16:40:27.350+0000] {logging_mixin.py:188} INFO - [2024-05-31T16:40:27.350+0000] {dag.py:3036} INFO - Sync 2 DAGs
[2024-05-31T16:40:27.390+0000] {logging_mixin.py:188} INFO - [2024-05-31T16:40:27.390+0000] {dag.py:3823} INFO - Setting next_dagrun for example_xcom_args to None, run_after=None
[2024-05-31T16:40:27.395+0000] {logging_mixin.py:188} INFO - [2024-05-31T16:40:27.395+0000] {dag.py:3823} INFO - Setting next_dagrun for example_xcom_args_with_operators to None, run_after=None
[2024-05-31T16:40:27.424+0000] {processor.py:183} INFO - Processing /home/airflow/.local/lib/python3.8/site-packages/airflow/example_dags/example_xcomargs.py took 0.184 seconds
[2024-05-31T16:40:57.630+0000] {processor.py:161} INFO - Started process (PID=172) to work on /home/airflow/.local/lib/python3.8/site-packages/airflow/example_dags/example_xcomargs.py
[2024-05-31T16:40:57.632+0000] {processor.py:830} INFO - Processing file /home/airflow/.local/lib/python3.8/site-packages/airflow/example_dags/example_xcomargs.py for tasks to queue
[2024-05-31T16:40:57.633+0000] {logging_mixin.py:188} INFO - [2024-05-31T16:40:57.633+0000] {dagbag.py:538} INFO - Filling up the DagBag from /home/airflow/.local/lib/python3.8/site-packages/airflow/example_dags/example_xcomargs.py
[2024-05-31T16:40:57.648+0000] {processor.py:840} INFO - DAG(s) 'example_xcom_args', 'example_xcom_args_with_operators' retrieved from /home/airflow/.local/lib/python3.8/site-packages/airflow/example_dags/example_xcomargs.py
[2024-05-31T16:40:57.842+0000] {logging_mixin.py:188} INFO - [2024-05-31T16:40:57.842+0000] {dag.py:3036} INFO - Sync 2 DAGs
[2024-05-31T16:40:57.870+0000] {logging_mixin.py:188} INFO - [2024-05-31T16:40:57.870+0000] {dag.py:3823} INFO - Setting next_dagrun for example_xcom_args to None, run_after=None
[2024-05-31T16:40:57.878+0000] {logging_mixin.py:188} INFO - [2024-05-31T16:40:57.877+0000] {dag.py:3823} INFO - Setting next_dagrun for example_xcom_args_with_operators to None, run_after=None
[2024-05-31T16:40:57.918+0000] {processor.py:183} INFO - Processing /home/airflow/.local/lib/python3.8/site-packages/airflow/example_dags/example_xcomargs.py took 0.291 seconds
[2024-05-31T16:41:28.492+0000] {processor.py:161} INFO - Started process (PID=228) to work on /home/airflow/.local/lib/python3.8/site-packages/airflow/example_dags/example_xcomargs.py
[2024-05-31T16:41:28.495+0000] {processor.py:830} INFO - Processing file /home/airflow/.local/lib/python3.8/site-packages/airflow/example_dags/example_xcomargs.py for tasks to queue
[2024-05-31T16:41:28.498+0000] {logging_mixin.py:188} INFO - [2024-05-31T16:41:28.497+0000] {dagbag.py:538} INFO - Filling up the DagBag from /home/airflow/.local/lib/python3.8/site-packages/airflow/example_dags/example_xcomargs.py
[2024-05-31T16:41:28.557+0000] {processor.py:840} INFO - DAG(s) 'example_xcom_args', 'example_xcom_args_with_operators' retrieved from /home/airflow/.local/lib/python3.8/site-packages/airflow/example_dags/example_xcomargs.py
[2024-05-31T16:41:29.217+0000] {logging_mixin.py:188} INFO - [2024-05-31T16:41:29.217+0000] {dag.py:3036} INFO - Sync 2 DAGs
[2024-05-31T16:41:29.248+0000] {logging_mixin.py:188} INFO - [2024-05-31T16:41:29.248+0000] {dag.py:3823} INFO - Setting next_dagrun for example_xcom_args to None, run_after=None
[2024-05-31T16:41:29.253+0000] {logging_mixin.py:188} INFO - [2024-05-31T16:41:29.252+0000] {dag.py:3823} INFO - Setting next_dagrun for example_xcom_args_with_operators to None, run_after=None
[2024-05-31T16:41:29.275+0000] {processor.py:183} INFO - Processing /home/airflow/.local/lib/python3.8/site-packages/airflow/example_dags/example_xcomargs.py took 0.823 seconds
[2024-05-31T16:41:59.996+0000] {processor.py:161} INFO - Started process (PID=284) to work on /home/airflow/.local/lib/python3.8/site-packages/airflow/example_dags/example_xcomargs.py
[2024-05-31T16:41:59.997+0000] {processor.py:830} INFO - Processing file /home/airflow/.local/lib/python3.8/site-packages/airflow/example_dags/example_xcomargs.py for tasks to queue
[2024-05-31T16:41:59.998+0000] {logging_mixin.py:188} INFO - [2024-05-31T16:41:59.997+0000] {dagbag.py:538} INFO - Filling up the DagBag from /home/airflow/.local/lib/python3.8/site-packages/airflow/example_dags/example_xcomargs.py
[2024-05-31T16:42:00.005+0000] {processor.py:840} INFO - DAG(s) 'example_xcom_args', 'example_xcom_args_with_operators' retrieved from /home/airflow/.local/lib/python3.8/site-packages/airflow/example_dags/example_xcomargs.py
[2024-05-31T16:42:00.034+0000] {logging_mixin.py:188} INFO - [2024-05-31T16:42:00.033+0000] {dag.py:3036} INFO - Sync 2 DAGs
[2024-05-31T16:42:00.047+0000] {logging_mixin.py:188} INFO - [2024-05-31T16:42:00.047+0000] {dag.py:3823} INFO - Setting next_dagrun for example_xcom_args to None, run_after=None
[2024-05-31T16:42:00.051+0000] {logging_mixin.py:188} INFO - [2024-05-31T16:42:00.051+0000] {dag.py:3823} INFO - Setting next_dagrun for example_xcom_args_with_operators to None, run_after=None
[2024-05-31T16:42:00.071+0000] {processor.py:183} INFO - Processing /home/airflow/.local/lib/python3.8/site-packages/airflow/example_dags/example_xcomargs.py took 0.078 seconds
