[2024-05-31T16:39:38.534+0000] {processor.py:161} INFO - Started process (PID=59) to work on /home/airflow/.local/lib/python3.8/site-packages/airflow/example_dags/example_xcom.py
[2024-05-31T16:39:38.536+0000] {processor.py:830} INFO - Processing file /home/airflow/.local/lib/python3.8/site-packages/airflow/example_dags/example_xcom.py for tasks to queue
[2024-05-31T16:39:38.537+0000] {logging_mixin.py:188} INFO - [2024-05-31T16:39:38.537+0000] {dagbag.py:538} INFO - Filling up the DagBag from /home/airflow/.local/lib/python3.8/site-packages/airflow/example_dags/example_xcom.py
[2024-05-31T16:39:38.554+0000] {processor.py:840} INFO - DAG(s) 'example_xcom' retrieved from /home/airflow/.local/lib/python3.8/site-packages/airflow/example_dags/example_xcom.py
[2024-05-31T16:39:40.286+0000] {logging_mixin.py:188} INFO - [2024-05-31T16:39:40.184+0000] {dag.py:3036} INFO - Sync 1 DAGs
[2024-05-31T16:39:40.444+0000] {logging_mixin.py:188} INFO - [2024-05-31T16:39:40.438+0000] {dag.py:3823} INFO - Setting next_dagrun for example_xcom to 2021-01-01 00:00:00+00:00, run_after=2021-01-01 00:00:00+00:00
[2024-05-31T16:39:40.498+0000] {processor.py:183} INFO - Processing /home/airflow/.local/lib/python3.8/site-packages/airflow/example_dags/example_xcom.py took 1.970 seconds
[2024-05-31T16:40:10.933+0000] {processor.py:161} INFO - Started process (PID=114) to work on /home/airflow/.local/lib/python3.8/site-packages/airflow/example_dags/example_xcom.py
[2024-05-31T16:40:10.936+0000] {processor.py:830} INFO - Processing file /home/airflow/.local/lib/python3.8/site-packages/airflow/example_dags/example_xcom.py for tasks to queue
[2024-05-31T16:40:10.941+0000] {logging_mixin.py:188} INFO - [2024-05-31T16:40:10.939+0000] {dagbag.py:538} INFO - Filling up the DagBag from /home/airflow/.local/lib/python3.8/site-packages/airflow/example_dags/example_xcom.py
[2024-05-31T16:40:10.956+0000] {processor.py:840} INFO - DAG(s) 'example_xcom' retrieved from /home/airflow/.local/lib/python3.8/site-packages/airflow/example_dags/example_xcom.py
[2024-05-31T16:40:11.012+0000] {logging_mixin.py:188} INFO - [2024-05-31T16:40:11.012+0000] {dag.py:3036} INFO - Sync 1 DAGs
[2024-05-31T16:40:11.079+0000] {logging_mixin.py:188} INFO - [2024-05-31T16:40:11.078+0000] {dag.py:3823} INFO - Setting next_dagrun for example_xcom to 2021-01-01 00:00:00+00:00, run_after=2021-01-01 00:00:00+00:00
[2024-05-31T16:40:11.139+0000] {processor.py:183} INFO - Processing /home/airflow/.local/lib/python3.8/site-packages/airflow/example_dags/example_xcom.py took 0.211 seconds
[2024-05-31T16:40:42.170+0000] {processor.py:161} INFO - Started process (PID=168) to work on /home/airflow/.local/lib/python3.8/site-packages/airflow/example_dags/example_xcom.py
[2024-05-31T16:40:42.187+0000] {processor.py:830} INFO - Processing file /home/airflow/.local/lib/python3.8/site-packages/airflow/example_dags/example_xcom.py for tasks to queue
[2024-05-31T16:40:42.189+0000] {logging_mixin.py:188} INFO - [2024-05-31T16:40:42.188+0000] {dagbag.py:538} INFO - Filling up the DagBag from /home/airflow/.local/lib/python3.8/site-packages/airflow/example_dags/example_xcom.py
[2024-05-31T16:40:42.214+0000] {processor.py:840} INFO - DAG(s) 'example_xcom' retrieved from /home/airflow/.local/lib/python3.8/site-packages/airflow/example_dags/example_xcom.py
[2024-05-31T16:40:42.246+0000] {logging_mixin.py:188} INFO - [2024-05-31T16:40:42.245+0000] {dag.py:3036} INFO - Sync 1 DAGs
[2024-05-31T16:40:42.350+0000] {logging_mixin.py:188} INFO - [2024-05-31T16:40:42.349+0000] {dag.py:3823} INFO - Setting next_dagrun for example_xcom to 2021-01-01 00:00:00+00:00, run_after=2021-01-01 00:00:00+00:00
[2024-05-31T16:40:42.488+0000] {processor.py:183} INFO - Processing /home/airflow/.local/lib/python3.8/site-packages/airflow/example_dags/example_xcom.py took 0.352 seconds
[2024-05-31T16:41:13.182+0000] {processor.py:161} INFO - Started process (PID=224) to work on /home/airflow/.local/lib/python3.8/site-packages/airflow/example_dags/example_xcom.py
[2024-05-31T16:41:13.183+0000] {processor.py:830} INFO - Processing file /home/airflow/.local/lib/python3.8/site-packages/airflow/example_dags/example_xcom.py for tasks to queue
[2024-05-31T16:41:13.184+0000] {logging_mixin.py:188} INFO - [2024-05-31T16:41:13.183+0000] {dagbag.py:538} INFO - Filling up the DagBag from /home/airflow/.local/lib/python3.8/site-packages/airflow/example_dags/example_xcom.py
[2024-05-31T16:41:13.190+0000] {processor.py:840} INFO - DAG(s) 'example_xcom' retrieved from /home/airflow/.local/lib/python3.8/site-packages/airflow/example_dags/example_xcom.py
[2024-05-31T16:41:13.281+0000] {logging_mixin.py:188} INFO - [2024-05-31T16:41:13.281+0000] {dag.py:3036} INFO - Sync 1 DAGs
[2024-05-31T16:41:13.299+0000] {logging_mixin.py:188} INFO - [2024-05-31T16:41:13.299+0000] {dag.py:3823} INFO - Setting next_dagrun for example_xcom to 2021-01-01 00:00:00+00:00, run_after=2021-01-01 00:00:00+00:00
[2024-05-31T16:41:13.318+0000] {processor.py:183} INFO - Processing /home/airflow/.local/lib/python3.8/site-packages/airflow/example_dags/example_xcom.py took 0.139 seconds
[2024-05-31T16:41:44.191+0000] {processor.py:161} INFO - Started process (PID=280) to work on /home/airflow/.local/lib/python3.8/site-packages/airflow/example_dags/example_xcom.py
[2024-05-31T16:41:44.193+0000] {processor.py:830} INFO - Processing file /home/airflow/.local/lib/python3.8/site-packages/airflow/example_dags/example_xcom.py for tasks to queue
[2024-05-31T16:41:44.194+0000] {logging_mixin.py:188} INFO - [2024-05-31T16:41:44.194+0000] {dagbag.py:538} INFO - Filling up the DagBag from /home/airflow/.local/lib/python3.8/site-packages/airflow/example_dags/example_xcom.py
[2024-05-31T16:41:44.209+0000] {processor.py:840} INFO - DAG(s) 'example_xcom' retrieved from /home/airflow/.local/lib/python3.8/site-packages/airflow/example_dags/example_xcom.py
[2024-05-31T16:41:44.236+0000] {logging_mixin.py:188} INFO - [2024-05-31T16:41:44.236+0000] {dag.py:3036} INFO - Sync 1 DAGs
[2024-05-31T16:41:44.261+0000] {logging_mixin.py:188} INFO - [2024-05-31T16:41:44.261+0000] {dag.py:3823} INFO - Setting next_dagrun for example_xcom to 2021-01-01 00:00:00+00:00, run_after=2021-01-01 00:00:00+00:00
[2024-05-31T16:41:44.282+0000] {processor.py:183} INFO - Processing /home/airflow/.local/lib/python3.8/site-packages/airflow/example_dags/example_xcom.py took 0.094 seconds
[2024-05-31T16:42:14.880+0000] {processor.py:161} INFO - Started process (PID=336) to work on /home/airflow/.local/lib/python3.8/site-packages/airflow/example_dags/example_xcom.py
[2024-05-31T16:42:14.881+0000] {processor.py:830} INFO - Processing file /home/airflow/.local/lib/python3.8/site-packages/airflow/example_dags/example_xcom.py for tasks to queue
[2024-05-31T16:42:14.883+0000] {logging_mixin.py:188} INFO - [2024-05-31T16:42:14.882+0000] {dagbag.py:538} INFO - Filling up the DagBag from /home/airflow/.local/lib/python3.8/site-packages/airflow/example_dags/example_xcom.py
[2024-05-31T16:42:14.890+0000] {processor.py:840} INFO - DAG(s) 'example_xcom' retrieved from /home/airflow/.local/lib/python3.8/site-packages/airflow/example_dags/example_xcom.py
[2024-05-31T16:42:14.921+0000] {logging_mixin.py:188} INFO - [2024-05-31T16:42:14.921+0000] {dag.py:3036} INFO - Sync 1 DAGs
[2024-05-31T16:42:14.955+0000] {logging_mixin.py:188} INFO - [2024-05-31T16:42:14.955+0000] {dag.py:3823} INFO - Setting next_dagrun for example_xcom to 2021-01-01 00:00:00+00:00, run_after=2021-01-01 00:00:00+00:00
[2024-05-31T16:42:14.984+0000] {processor.py:183} INFO - Processing /home/airflow/.local/lib/python3.8/site-packages/airflow/example_dags/example_xcom.py took 0.108 seconds
