[2024-05-31T16:40:00.693+0000] {processor.py:161} INFO - Started process (PID=74) to work on /home/airflow/.local/lib/python3.8/site-packages/airflow/example_dags/example_branch_datetime_operator.py
[2024-05-31T16:40:00.695+0000] {processor.py:830} INFO - Processing file /home/airflow/.local/lib/python3.8/site-packages/airflow/example_dags/example_branch_datetime_operator.py for tasks to queue
[2024-05-31T16:40:00.697+0000] {logging_mixin.py:188} INFO - [2024-05-31T16:40:00.696+0000] {dagbag.py:538} INFO - Filling up the DagBag from /home/airflow/.local/lib/python3.8/site-packages/airflow/example_dags/example_branch_datetime_operator.py
[2024-05-31T16:40:00.717+0000] {processor.py:840} INFO - DAG(s) 'example_branch_datetime_operator', 'example_branch_datetime_operator_2', 'example_branch_datetime_operator_3' retrieved from /home/airflow/.local/lib/python3.8/site-packages/airflow/example_dags/example_branch_datetime_operator.py
[2024-05-31T16:40:01.001+0000] {logging_mixin.py:188} INFO - [2024-05-31T16:40:01.001+0000] {dag.py:3036} INFO - Sync 3 DAGs
[2024-05-31T16:40:01.033+0000] {logging_mixin.py:188} INFO - [2024-05-31T16:40:01.033+0000] {dag.py:3823} INFO - Setting next_dagrun for example_branch_datetime_operator to 2024-05-30 00:00:00+00:00, run_after=2024-05-31 00:00:00+00:00
[2024-05-31T16:40:01.040+0000] {logging_mixin.py:188} INFO - [2024-05-31T16:40:01.039+0000] {dag.py:3823} INFO - Setting next_dagrun for example_branch_datetime_operator_2 to 2024-05-30 00:00:00+00:00, run_after=2024-05-31 00:00:00+00:00
[2024-05-31T16:40:01.043+0000] {logging_mixin.py:188} INFO - [2024-05-31T16:40:01.043+0000] {dag.py:3823} INFO - Setting next_dagrun for example_branch_datetime_operator_3 to 2024-05-30 00:00:00+00:00, run_after=2024-05-31 00:00:00+00:00
[2024-05-31T16:40:01.073+0000] {processor.py:183} INFO - Processing /home/airflow/.local/lib/python3.8/site-packages/airflow/example_dags/example_branch_datetime_operator.py took 0.385 seconds
[2024-05-31T16:40:32.049+0000] {processor.py:161} INFO - Started process (PID=129) to work on /home/airflow/.local/lib/python3.8/site-packages/airflow/example_dags/example_branch_datetime_operator.py
[2024-05-31T16:40:32.052+0000] {processor.py:830} INFO - Processing file /home/airflow/.local/lib/python3.8/site-packages/airflow/example_dags/example_branch_datetime_operator.py for tasks to queue
[2024-05-31T16:40:32.056+0000] {logging_mixin.py:188} INFO - [2024-05-31T16:40:32.055+0000] {dagbag.py:538} INFO - Filling up the DagBag from /home/airflow/.local/lib/python3.8/site-packages/airflow/example_dags/example_branch_datetime_operator.py
[2024-05-31T16:40:32.083+0000] {processor.py:840} INFO - DAG(s) 'example_branch_datetime_operator', 'example_branch_datetime_operator_2', 'example_branch_datetime_operator_3' retrieved from /home/airflow/.local/lib/python3.8/site-packages/airflow/example_dags/example_branch_datetime_operator.py
[2024-05-31T16:40:32.119+0000] {logging_mixin.py:188} INFO - [2024-05-31T16:40:32.116+0000] {dag.py:3036} INFO - Sync 3 DAGs
[2024-05-31T16:40:32.169+0000] {logging_mixin.py:188} INFO - [2024-05-31T16:40:32.168+0000] {dag.py:3823} INFO - Setting next_dagrun for example_branch_datetime_operator to 2024-05-30 00:00:00+00:00, run_after=2024-05-31 00:00:00+00:00
[2024-05-31T16:40:32.177+0000] {logging_mixin.py:188} INFO - [2024-05-31T16:40:32.177+0000] {dag.py:3823} INFO - Setting next_dagrun for example_branch_datetime_operator_2 to 2024-05-30 00:00:00+00:00, run_after=2024-05-31 00:00:00+00:00
[2024-05-31T16:40:32.183+0000] {logging_mixin.py:188} INFO - [2024-05-31T16:40:32.182+0000] {dag.py:3823} INFO - Setting next_dagrun for example_branch_datetime_operator_3 to 2024-05-30 00:00:00+00:00, run_after=2024-05-31 00:00:00+00:00
[2024-05-31T16:40:32.221+0000] {processor.py:183} INFO - Processing /home/airflow/.local/lib/python3.8/site-packages/airflow/example_dags/example_branch_datetime_operator.py took 0.177 seconds
[2024-05-31T16:41:03.096+0000] {processor.py:161} INFO - Started process (PID=185) to work on /home/airflow/.local/lib/python3.8/site-packages/airflow/example_dags/example_branch_datetime_operator.py
[2024-05-31T16:41:03.098+0000] {processor.py:830} INFO - Processing file /home/airflow/.local/lib/python3.8/site-packages/airflow/example_dags/example_branch_datetime_operator.py for tasks to queue
[2024-05-31T16:41:03.099+0000] {logging_mixin.py:188} INFO - [2024-05-31T16:41:03.098+0000] {dagbag.py:538} INFO - Filling up the DagBag from /home/airflow/.local/lib/python3.8/site-packages/airflow/example_dags/example_branch_datetime_operator.py
[2024-05-31T16:41:03.109+0000] {processor.py:840} INFO - DAG(s) 'example_branch_datetime_operator_2', 'example_branch_datetime_operator', 'example_branch_datetime_operator_3' retrieved from /home/airflow/.local/lib/python3.8/site-packages/airflow/example_dags/example_branch_datetime_operator.py
[2024-05-31T16:41:03.251+0000] {logging_mixin.py:188} INFO - [2024-05-31T16:41:03.250+0000] {dag.py:3036} INFO - Sync 3 DAGs
[2024-05-31T16:41:03.275+0000] {logging_mixin.py:188} INFO - [2024-05-31T16:41:03.274+0000] {dag.py:3823} INFO - Setting next_dagrun for example_branch_datetime_operator to 2024-05-30 00:00:00+00:00, run_after=2024-05-31 00:00:00+00:00
[2024-05-31T16:41:03.281+0000] {logging_mixin.py:188} INFO - [2024-05-31T16:41:03.280+0000] {dag.py:3823} INFO - Setting next_dagrun for example_branch_datetime_operator_2 to 2024-05-30 00:00:00+00:00, run_after=2024-05-31 00:00:00+00:00
[2024-05-31T16:41:03.285+0000] {logging_mixin.py:188} INFO - [2024-05-31T16:41:03.284+0000] {dag.py:3823} INFO - Setting next_dagrun for example_branch_datetime_operator_3 to 2024-05-30 00:00:00+00:00, run_after=2024-05-31 00:00:00+00:00
[2024-05-31T16:41:03.311+0000] {processor.py:183} INFO - Processing /home/airflow/.local/lib/python3.8/site-packages/airflow/example_dags/example_branch_datetime_operator.py took 0.218 seconds
[2024-05-31T16:41:33.946+0000] {processor.py:161} INFO - Started process (PID=241) to work on /home/airflow/.local/lib/python3.8/site-packages/airflow/example_dags/example_branch_datetime_operator.py
[2024-05-31T16:41:33.947+0000] {processor.py:830} INFO - Processing file /home/airflow/.local/lib/python3.8/site-packages/airflow/example_dags/example_branch_datetime_operator.py for tasks to queue
[2024-05-31T16:41:33.948+0000] {logging_mixin.py:188} INFO - [2024-05-31T16:41:33.948+0000] {dagbag.py:538} INFO - Filling up the DagBag from /home/airflow/.local/lib/python3.8/site-packages/airflow/example_dags/example_branch_datetime_operator.py
[2024-05-31T16:41:33.957+0000] {processor.py:840} INFO - DAG(s) 'example_branch_datetime_operator', 'example_branch_datetime_operator_2', 'example_branch_datetime_operator_3' retrieved from /home/airflow/.local/lib/python3.8/site-packages/airflow/example_dags/example_branch_datetime_operator.py
[2024-05-31T16:41:33.987+0000] {logging_mixin.py:188} INFO - [2024-05-31T16:41:33.987+0000] {dag.py:3036} INFO - Sync 3 DAGs
[2024-05-31T16:41:34.010+0000] {logging_mixin.py:188} INFO - [2024-05-31T16:41:34.009+0000] {dag.py:3823} INFO - Setting next_dagrun for example_branch_datetime_operator to 2024-05-30 00:00:00+00:00, run_after=2024-05-31 00:00:00+00:00
[2024-05-31T16:41:34.015+0000] {logging_mixin.py:188} INFO - [2024-05-31T16:41:34.015+0000] {dag.py:3823} INFO - Setting next_dagrun for example_branch_datetime_operator_2 to 2024-05-30 00:00:00+00:00, run_after=2024-05-31 00:00:00+00:00
[2024-05-31T16:41:34.018+0000] {logging_mixin.py:188} INFO - [2024-05-31T16:41:34.018+0000] {dag.py:3823} INFO - Setting next_dagrun for example_branch_datetime_operator_3 to 2024-05-30 00:00:00+00:00, run_after=2024-05-31 00:00:00+00:00
[2024-05-31T16:41:34.034+0000] {processor.py:183} INFO - Processing /home/airflow/.local/lib/python3.8/site-packages/airflow/example_dags/example_branch_datetime_operator.py took 0.090 seconds
[2024-05-31T16:42:04.108+0000] {processor.py:161} INFO - Started process (PID=297) to work on /home/airflow/.local/lib/python3.8/site-packages/airflow/example_dags/example_branch_datetime_operator.py
[2024-05-31T16:42:04.110+0000] {processor.py:830} INFO - Processing file /home/airflow/.local/lib/python3.8/site-packages/airflow/example_dags/example_branch_datetime_operator.py for tasks to queue
[2024-05-31T16:42:04.111+0000] {logging_mixin.py:188} INFO - [2024-05-31T16:42:04.110+0000] {dagbag.py:538} INFO - Filling up the DagBag from /home/airflow/.local/lib/python3.8/site-packages/airflow/example_dags/example_branch_datetime_operator.py
[2024-05-31T16:42:04.120+0000] {processor.py:840} INFO - DAG(s) 'example_branch_datetime_operator_2', 'example_branch_datetime_operator', 'example_branch_datetime_operator_3' retrieved from /home/airflow/.local/lib/python3.8/site-packages/airflow/example_dags/example_branch_datetime_operator.py
[2024-05-31T16:42:04.148+0000] {logging_mixin.py:188} INFO - [2024-05-31T16:42:04.148+0000] {dag.py:3036} INFO - Sync 3 DAGs
[2024-05-31T16:42:04.171+0000] {logging_mixin.py:188} INFO - [2024-05-31T16:42:04.170+0000] {dag.py:3823} INFO - Setting next_dagrun for example_branch_datetime_operator to 2024-05-30 00:00:00+00:00, run_after=2024-05-31 00:00:00+00:00
[2024-05-31T16:42:04.176+0000] {logging_mixin.py:188} INFO - [2024-05-31T16:42:04.176+0000] {dag.py:3823} INFO - Setting next_dagrun for example_branch_datetime_operator_2 to 2024-05-30 00:00:00+00:00, run_after=2024-05-31 00:00:00+00:00
[2024-05-31T16:42:04.179+0000] {logging_mixin.py:188} INFO - [2024-05-31T16:42:04.178+0000] {dag.py:3823} INFO - Setting next_dagrun for example_branch_datetime_operator_3 to 2024-05-30 00:00:00+00:00, run_after=2024-05-31 00:00:00+00:00
[2024-05-31T16:42:04.194+0000] {processor.py:183} INFO - Processing /home/airflow/.local/lib/python3.8/site-packages/airflow/example_dags/example_branch_datetime_operator.py took 0.089 seconds
