[2024-05-31T16:39:57.501+0000] {processor.py:161} INFO - Started process (PID=66) to work on /home/airflow/.local/lib/python3.8/site-packages/airflow/example_dags/example_dag_decorator.py
[2024-05-31T16:39:57.502+0000] {processor.py:830} INFO - Processing file /home/airflow/.local/lib/python3.8/site-packages/airflow/example_dags/example_dag_decorator.py for tasks to queue
[2024-05-31T16:39:57.504+0000] {logging_mixin.py:188} INFO - [2024-05-31T16:39:57.503+0000] {dagbag.py:538} INFO - Filling up the DagBag from /home/airflow/.local/lib/python3.8/site-packages/airflow/example_dags/example_dag_decorator.py
[2024-05-31T16:39:58.557+0000] {processor.py:840} INFO - DAG(s) 'example_dag_decorator' retrieved from /home/airflow/.local/lib/python3.8/site-packages/airflow/example_dags/example_dag_decorator.py
[2024-05-31T16:39:59.011+0000] {logging_mixin.py:188} INFO - [2024-05-31T16:39:59.011+0000] {dag.py:3036} INFO - Sync 1 DAGs
[2024-05-31T16:39:59.030+0000] {logging_mixin.py:188} INFO - [2024-05-31T16:39:59.029+0000] {dag.py:3823} INFO - Setting next_dagrun for example_dag_decorator to None, run_after=None
[2024-05-31T16:39:59.101+0000] {processor.py:183} INFO - Processing /home/airflow/.local/lib/python3.8/site-packages/airflow/example_dags/example_dag_decorator.py took 1.604 seconds
[2024-05-31T16:40:29.246+0000] {processor.py:161} INFO - Started process (PID=121) to work on /home/airflow/.local/lib/python3.8/site-packages/airflow/example_dags/example_dag_decorator.py
[2024-05-31T16:40:29.250+0000] {processor.py:830} INFO - Processing file /home/airflow/.local/lib/python3.8/site-packages/airflow/example_dags/example_dag_decorator.py for tasks to queue
[2024-05-31T16:40:29.252+0000] {logging_mixin.py:188} INFO - [2024-05-31T16:40:29.252+0000] {dagbag.py:538} INFO - Filling up the DagBag from /home/airflow/.local/lib/python3.8/site-packages/airflow/example_dags/example_dag_decorator.py
[2024-05-31T16:40:29.534+0000] {processor.py:840} INFO - DAG(s) 'example_dag_decorator' retrieved from /home/airflow/.local/lib/python3.8/site-packages/airflow/example_dags/example_dag_decorator.py
[2024-05-31T16:40:29.575+0000] {logging_mixin.py:188} INFO - [2024-05-31T16:40:29.575+0000] {dag.py:3036} INFO - Sync 1 DAGs
[2024-05-31T16:40:29.620+0000] {logging_mixin.py:188} INFO - [2024-05-31T16:40:29.620+0000] {dag.py:3823} INFO - Setting next_dagrun for example_dag_decorator to None, run_after=None
[2024-05-31T16:40:29.662+0000] {processor.py:183} INFO - Processing /home/airflow/.local/lib/python3.8/site-packages/airflow/example_dags/example_dag_decorator.py took 0.428 seconds
[2024-05-31T16:40:59.759+0000] {processor.py:161} INFO - Started process (PID=178) to work on /home/airflow/.local/lib/python3.8/site-packages/airflow/example_dags/example_dag_decorator.py
[2024-05-31T16:40:59.760+0000] {processor.py:830} INFO - Processing file /home/airflow/.local/lib/python3.8/site-packages/airflow/example_dags/example_dag_decorator.py for tasks to queue
[2024-05-31T16:40:59.761+0000] {logging_mixin.py:188} INFO - [2024-05-31T16:40:59.761+0000] {dagbag.py:538} INFO - Filling up the DagBag from /home/airflow/.local/lib/python3.8/site-packages/airflow/example_dags/example_dag_decorator.py
[2024-05-31T16:41:00.044+0000] {processor.py:840} INFO - DAG(s) 'example_dag_decorator' retrieved from /home/airflow/.local/lib/python3.8/site-packages/airflow/example_dags/example_dag_decorator.py
[2024-05-31T16:41:00.220+0000] {logging_mixin.py:188} INFO - [2024-05-31T16:41:00.220+0000] {dag.py:3036} INFO - Sync 1 DAGs
[2024-05-31T16:41:00.245+0000] {logging_mixin.py:188} INFO - [2024-05-31T16:41:00.245+0000] {dag.py:3823} INFO - Setting next_dagrun for example_dag_decorator to None, run_after=None
[2024-05-31T16:41:00.266+0000] {processor.py:183} INFO - Processing /home/airflow/.local/lib/python3.8/site-packages/airflow/example_dags/example_dag_decorator.py took 0.510 seconds
[2024-05-31T16:41:30.421+0000] {processor.py:161} INFO - Started process (PID=233) to work on /home/airflow/.local/lib/python3.8/site-packages/airflow/example_dags/example_dag_decorator.py
[2024-05-31T16:41:30.422+0000] {processor.py:830} INFO - Processing file /home/airflow/.local/lib/python3.8/site-packages/airflow/example_dags/example_dag_decorator.py for tasks to queue
[2024-05-31T16:41:30.423+0000] {logging_mixin.py:188} INFO - [2024-05-31T16:41:30.423+0000] {dagbag.py:538} INFO - Filling up the DagBag from /home/airflow/.local/lib/python3.8/site-packages/airflow/example_dags/example_dag_decorator.py
[2024-05-31T16:41:30.530+0000] {processor.py:840} INFO - DAG(s) 'example_dag_decorator' retrieved from /home/airflow/.local/lib/python3.8/site-packages/airflow/example_dags/example_dag_decorator.py
[2024-05-31T16:41:30.660+0000] {logging_mixin.py:188} INFO - [2024-05-31T16:41:30.660+0000] {dag.py:3036} INFO - Sync 1 DAGs
[2024-05-31T16:41:30.671+0000] {logging_mixin.py:188} INFO - [2024-05-31T16:41:30.671+0000] {dag.py:3823} INFO - Setting next_dagrun for example_dag_decorator to None, run_after=None
[2024-05-31T16:41:30.692+0000] {processor.py:183} INFO - Processing /home/airflow/.local/lib/python3.8/site-packages/airflow/example_dags/example_dag_decorator.py took 0.274 seconds
[2024-05-31T16:42:01.200+0000] {processor.py:161} INFO - Started process (PID=289) to work on /home/airflow/.local/lib/python3.8/site-packages/airflow/example_dags/example_dag_decorator.py
[2024-05-31T16:42:01.201+0000] {processor.py:830} INFO - Processing file /home/airflow/.local/lib/python3.8/site-packages/airflow/example_dags/example_dag_decorator.py for tasks to queue
[2024-05-31T16:42:01.202+0000] {logging_mixin.py:188} INFO - [2024-05-31T16:42:01.202+0000] {dagbag.py:538} INFO - Filling up the DagBag from /home/airflow/.local/lib/python3.8/site-packages/airflow/example_dags/example_dag_decorator.py
[2024-05-31T16:42:01.419+0000] {processor.py:840} INFO - DAG(s) 'example_dag_decorator' retrieved from /home/airflow/.local/lib/python3.8/site-packages/airflow/example_dags/example_dag_decorator.py
[2024-05-31T16:42:01.652+0000] {logging_mixin.py:188} INFO - [2024-05-31T16:42:01.652+0000] {dag.py:3036} INFO - Sync 1 DAGs
[2024-05-31T16:42:01.669+0000] {logging_mixin.py:188} INFO - [2024-05-31T16:42:01.669+0000] {dag.py:3823} INFO - Setting next_dagrun for example_dag_decorator to None, run_after=None
[2024-05-31T16:42:01.723+0000] {processor.py:183} INFO - Processing /home/airflow/.local/lib/python3.8/site-packages/airflow/example_dags/example_dag_decorator.py took 0.528 seconds
