[2024-05-31T16:38:35.817+0000] {processor.py:161} INFO - Started process (PID=45) to work on /home/airflow/.local/lib/python3.8/site-packages/airflow/example_dags/tutorial_dag.py
[2024-05-31T16:38:35.818+0000] {processor.py:830} INFO - Processing file /home/airflow/.local/lib/python3.8/site-packages/airflow/example_dags/tutorial_dag.py for tasks to queue
[2024-05-31T16:38:35.820+0000] {logging_mixin.py:188} INFO - [2024-05-31T16:38:35.820+0000] {dagbag.py:538} INFO - Filling up the DagBag from /home/airflow/.local/lib/python3.8/site-packages/airflow/example_dags/tutorial_dag.py
[2024-05-31T16:38:35.844+0000] {processor.py:840} INFO - DAG(s) 'tutorial_dag' retrieved from /home/airflow/.local/lib/python3.8/site-packages/airflow/example_dags/tutorial_dag.py
[2024-05-31T16:38:44.628+0000] {logging_mixin.py:188} INFO - [2024-05-31T16:38:44.626+0000] {dag.py:3036} INFO - Sync 1 DAGs
[2024-05-31T16:38:44.655+0000] {logging_mixin.py:188} INFO - [2024-05-31T16:38:44.655+0000] {dag.py:3823} INFO - Setting next_dagrun for tutorial_dag to None, run_after=None
[2024-05-31T16:38:44.701+0000] {processor.py:183} INFO - Processing /home/airflow/.local/lib/python3.8/site-packages/airflow/example_dags/tutorial_dag.py took 8.890 seconds
[2024-05-31T16:40:07.386+0000] {processor.py:161} INFO - Started process (PID=100) to work on /home/airflow/.local/lib/python3.8/site-packages/airflow/example_dags/tutorial_dag.py
[2024-05-31T16:40:07.389+0000] {processor.py:830} INFO - Processing file /home/airflow/.local/lib/python3.8/site-packages/airflow/example_dags/tutorial_dag.py for tasks to queue
[2024-05-31T16:40:07.392+0000] {logging_mixin.py:188} INFO - [2024-05-31T16:40:07.390+0000] {dagbag.py:538} INFO - Filling up the DagBag from /home/airflow/.local/lib/python3.8/site-packages/airflow/example_dags/tutorial_dag.py
[2024-05-31T16:40:07.399+0000] {processor.py:840} INFO - DAG(s) 'tutorial_dag' retrieved from /home/airflow/.local/lib/python3.8/site-packages/airflow/example_dags/tutorial_dag.py
[2024-05-31T16:40:07.427+0000] {logging_mixin.py:188} INFO - [2024-05-31T16:40:07.427+0000] {dag.py:3036} INFO - Sync 1 DAGs
[2024-05-31T16:40:07.439+0000] {logging_mixin.py:188} INFO - [2024-05-31T16:40:07.439+0000] {dag.py:3823} INFO - Setting next_dagrun for tutorial_dag to None, run_after=None
[2024-05-31T16:40:07.463+0000] {processor.py:183} INFO - Processing /home/airflow/.local/lib/python3.8/site-packages/airflow/example_dags/tutorial_dag.py took 0.081 seconds
[2024-05-31T16:40:37.611+0000] {processor.py:161} INFO - Started process (PID=153) to work on /home/airflow/.local/lib/python3.8/site-packages/airflow/example_dags/tutorial_dag.py
[2024-05-31T16:40:37.613+0000] {processor.py:830} INFO - Processing file /home/airflow/.local/lib/python3.8/site-packages/airflow/example_dags/tutorial_dag.py for tasks to queue
[2024-05-31T16:40:37.614+0000] {logging_mixin.py:188} INFO - [2024-05-31T16:40:37.613+0000] {dagbag.py:538} INFO - Filling up the DagBag from /home/airflow/.local/lib/python3.8/site-packages/airflow/example_dags/tutorial_dag.py
[2024-05-31T16:40:37.619+0000] {processor.py:840} INFO - DAG(s) 'tutorial_dag' retrieved from /home/airflow/.local/lib/python3.8/site-packages/airflow/example_dags/tutorial_dag.py
[2024-05-31T16:40:37.633+0000] {logging_mixin.py:188} INFO - [2024-05-31T16:40:37.632+0000] {dag.py:3036} INFO - Sync 1 DAGs
[2024-05-31T16:40:37.656+0000] {logging_mixin.py:188} INFO - [2024-05-31T16:40:37.655+0000] {dag.py:3823} INFO - Setting next_dagrun for tutorial_dag to None, run_after=None
[2024-05-31T16:40:37.694+0000] {processor.py:183} INFO - Processing /home/airflow/.local/lib/python3.8/site-packages/airflow/example_dags/tutorial_dag.py took 0.085 seconds
[2024-05-31T16:41:09.082+0000] {processor.py:161} INFO - Started process (PID=209) to work on /home/airflow/.local/lib/python3.8/site-packages/airflow/example_dags/tutorial_dag.py
[2024-05-31T16:41:09.083+0000] {processor.py:830} INFO - Processing file /home/airflow/.local/lib/python3.8/site-packages/airflow/example_dags/tutorial_dag.py for tasks to queue
[2024-05-31T16:41:09.085+0000] {logging_mixin.py:188} INFO - [2024-05-31T16:41:09.084+0000] {dagbag.py:538} INFO - Filling up the DagBag from /home/airflow/.local/lib/python3.8/site-packages/airflow/example_dags/tutorial_dag.py
[2024-05-31T16:41:09.092+0000] {processor.py:840} INFO - DAG(s) 'tutorial_dag' retrieved from /home/airflow/.local/lib/python3.8/site-packages/airflow/example_dags/tutorial_dag.py
[2024-05-31T16:41:09.244+0000] {logging_mixin.py:188} INFO - [2024-05-31T16:41:09.243+0000] {dag.py:3036} INFO - Sync 1 DAGs
[2024-05-31T16:41:09.257+0000] {logging_mixin.py:188} INFO - [2024-05-31T16:41:09.256+0000] {dag.py:3823} INFO - Setting next_dagrun for tutorial_dag to None, run_after=None
[2024-05-31T16:41:09.286+0000] {processor.py:183} INFO - Processing /home/airflow/.local/lib/python3.8/site-packages/airflow/example_dags/tutorial_dag.py took 0.207 seconds
[2024-05-31T16:41:39.465+0000] {processor.py:161} INFO - Started process (PID=265) to work on /home/airflow/.local/lib/python3.8/site-packages/airflow/example_dags/tutorial_dag.py
[2024-05-31T16:41:39.468+0000] {processor.py:830} INFO - Processing file /home/airflow/.local/lib/python3.8/site-packages/airflow/example_dags/tutorial_dag.py for tasks to queue
[2024-05-31T16:41:39.471+0000] {logging_mixin.py:188} INFO - [2024-05-31T16:41:39.470+0000] {dagbag.py:538} INFO - Filling up the DagBag from /home/airflow/.local/lib/python3.8/site-packages/airflow/example_dags/tutorial_dag.py
[2024-05-31T16:41:39.483+0000] {processor.py:840} INFO - DAG(s) 'tutorial_dag' retrieved from /home/airflow/.local/lib/python3.8/site-packages/airflow/example_dags/tutorial_dag.py
[2024-05-31T16:41:39.516+0000] {logging_mixin.py:188} INFO - [2024-05-31T16:41:39.515+0000] {dag.py:3036} INFO - Sync 1 DAGs
[2024-05-31T16:41:39.534+0000] {logging_mixin.py:188} INFO - [2024-05-31T16:41:39.533+0000] {dag.py:3823} INFO - Setting next_dagrun for tutorial_dag to None, run_after=None
[2024-05-31T16:41:39.573+0000] {processor.py:183} INFO - Processing /home/airflow/.local/lib/python3.8/site-packages/airflow/example_dags/tutorial_dag.py took 0.114 seconds
[2024-05-31T16:42:10.340+0000] {processor.py:161} INFO - Started process (PID=327) to work on /home/airflow/.local/lib/python3.8/site-packages/airflow/example_dags/tutorial_dag.py
[2024-05-31T16:42:10.341+0000] {processor.py:830} INFO - Processing file /home/airflow/.local/lib/python3.8/site-packages/airflow/example_dags/tutorial_dag.py for tasks to queue
[2024-05-31T16:42:10.342+0000] {logging_mixin.py:188} INFO - [2024-05-31T16:42:10.341+0000] {dagbag.py:538} INFO - Filling up the DagBag from /home/airflow/.local/lib/python3.8/site-packages/airflow/example_dags/tutorial_dag.py
[2024-05-31T16:42:10.347+0000] {processor.py:840} INFO - DAG(s) 'tutorial_dag' retrieved from /home/airflow/.local/lib/python3.8/site-packages/airflow/example_dags/tutorial_dag.py
[2024-05-31T16:42:10.368+0000] {logging_mixin.py:188} INFO - [2024-05-31T16:42:10.368+0000] {dag.py:3036} INFO - Sync 1 DAGs
[2024-05-31T16:42:10.380+0000] {logging_mixin.py:188} INFO - [2024-05-31T16:42:10.380+0000] {dag.py:3823} INFO - Setting next_dagrun for tutorial_dag to None, run_after=None
[2024-05-31T16:42:10.402+0000] {processor.py:183} INFO - Processing /home/airflow/.local/lib/python3.8/site-packages/airflow/example_dags/tutorial_dag.py took 0.065 seconds
