[2024-05-31T16:40:00.043+0000] {processor.py:161} INFO - Started process (PID=71) to work on /home/airflow/.local/lib/python3.8/site-packages/airflow/example_dags/tutorial_objectstorage.py
[2024-05-31T16:40:00.045+0000] {processor.py:830} INFO - Processing file /home/airflow/.local/lib/python3.8/site-packages/airflow/example_dags/tutorial_objectstorage.py for tasks to queue
[2024-05-31T16:40:00.047+0000] {logging_mixin.py:188} INFO - [2024-05-31T16:40:00.046+0000] {dagbag.py:538} INFO - Filling up the DagBag from /home/airflow/.local/lib/python3.8/site-packages/airflow/example_dags/tutorial_objectstorage.py
[2024-05-31T16:40:00.066+0000] {processor.py:840} INFO - DAG(s) 'tutorial_objectstorage' retrieved from /home/airflow/.local/lib/python3.8/site-packages/airflow/example_dags/tutorial_objectstorage.py
[2024-05-31T16:40:00.218+0000] {logging_mixin.py:188} INFO - [2024-05-31T16:40:00.218+0000] {dag.py:3036} INFO - Sync 1 DAGs
[2024-05-31T16:40:00.233+0000] {logging_mixin.py:188} INFO - [2024-05-31T16:40:00.232+0000] {dag.py:3823} INFO - Setting next_dagrun for tutorial_objectstorage to None, run_after=None
[2024-05-31T16:40:00.268+0000] {processor.py:183} INFO - Processing /home/airflow/.local/lib/python3.8/site-packages/airflow/example_dags/tutorial_objectstorage.py took 0.230 seconds
[2024-05-31T16:40:31.755+0000] {processor.py:161} INFO - Started process (PID=126) to work on /home/airflow/.local/lib/python3.8/site-packages/airflow/example_dags/tutorial_objectstorage.py
[2024-05-31T16:40:31.757+0000] {processor.py:830} INFO - Processing file /home/airflow/.local/lib/python3.8/site-packages/airflow/example_dags/tutorial_objectstorage.py for tasks to queue
[2024-05-31T16:40:31.759+0000] {logging_mixin.py:188} INFO - [2024-05-31T16:40:31.758+0000] {dagbag.py:538} INFO - Filling up the DagBag from /home/airflow/.local/lib/python3.8/site-packages/airflow/example_dags/tutorial_objectstorage.py
[2024-05-31T16:40:31.775+0000] {processor.py:840} INFO - DAG(s) 'tutorial_objectstorage' retrieved from /home/airflow/.local/lib/python3.8/site-packages/airflow/example_dags/tutorial_objectstorage.py
[2024-05-31T16:40:31.795+0000] {logging_mixin.py:188} INFO - [2024-05-31T16:40:31.794+0000] {dag.py:3036} INFO - Sync 1 DAGs
[2024-05-31T16:40:31.820+0000] {logging_mixin.py:188} INFO - [2024-05-31T16:40:31.819+0000] {dag.py:3823} INFO - Setting next_dagrun for tutorial_objectstorage to None, run_after=None
[2024-05-31T16:40:31.884+0000] {processor.py:183} INFO - Processing /home/airflow/.local/lib/python3.8/site-packages/airflow/example_dags/tutorial_objectstorage.py took 0.134 seconds
[2024-05-31T16:41:02.731+0000] {processor.py:161} INFO - Started process (PID=182) to work on /home/airflow/.local/lib/python3.8/site-packages/airflow/example_dags/tutorial_objectstorage.py
[2024-05-31T16:41:02.733+0000] {processor.py:830} INFO - Processing file /home/airflow/.local/lib/python3.8/site-packages/airflow/example_dags/tutorial_objectstorage.py for tasks to queue
[2024-05-31T16:41:02.734+0000] {logging_mixin.py:188} INFO - [2024-05-31T16:41:02.734+0000] {dagbag.py:538} INFO - Filling up the DagBag from /home/airflow/.local/lib/python3.8/site-packages/airflow/example_dags/tutorial_objectstorage.py
[2024-05-31T16:41:02.745+0000] {processor.py:840} INFO - DAG(s) 'tutorial_objectstorage' retrieved from /home/airflow/.local/lib/python3.8/site-packages/airflow/example_dags/tutorial_objectstorage.py
[2024-05-31T16:41:02.935+0000] {logging_mixin.py:188} INFO - [2024-05-31T16:41:02.935+0000] {dag.py:3036} INFO - Sync 1 DAGs
[2024-05-31T16:41:02.949+0000] {logging_mixin.py:188} INFO - [2024-05-31T16:41:02.948+0000] {dag.py:3823} INFO - Setting next_dagrun for tutorial_objectstorage to None, run_after=None
[2024-05-31T16:41:02.985+0000] {processor.py:183} INFO - Processing /home/airflow/.local/lib/python3.8/site-packages/airflow/example_dags/tutorial_objectstorage.py took 0.257 seconds
[2024-05-31T16:41:33.845+0000] {processor.py:161} INFO - Started process (PID=238) to work on /home/airflow/.local/lib/python3.8/site-packages/airflow/example_dags/tutorial_objectstorage.py
[2024-05-31T16:41:33.846+0000] {processor.py:830} INFO - Processing file /home/airflow/.local/lib/python3.8/site-packages/airflow/example_dags/tutorial_objectstorage.py for tasks to queue
[2024-05-31T16:41:33.847+0000] {logging_mixin.py:188} INFO - [2024-05-31T16:41:33.846+0000] {dagbag.py:538} INFO - Filling up the DagBag from /home/airflow/.local/lib/python3.8/site-packages/airflow/example_dags/tutorial_objectstorage.py
[2024-05-31T16:41:33.853+0000] {processor.py:840} INFO - DAG(s) 'tutorial_objectstorage' retrieved from /home/airflow/.local/lib/python3.8/site-packages/airflow/example_dags/tutorial_objectstorage.py
[2024-05-31T16:41:33.870+0000] {logging_mixin.py:188} INFO - [2024-05-31T16:41:33.870+0000] {dag.py:3036} INFO - Sync 1 DAGs
[2024-05-31T16:41:33.881+0000] {logging_mixin.py:188} INFO - [2024-05-31T16:41:33.881+0000] {dag.py:3823} INFO - Setting next_dagrun for tutorial_objectstorage to None, run_after=None
[2024-05-31T16:41:33.900+0000] {processor.py:183} INFO - Processing /home/airflow/.local/lib/python3.8/site-packages/airflow/example_dags/tutorial_objectstorage.py took 0.058 seconds
[2024-05-31T16:42:03.941+0000] {processor.py:161} INFO - Started process (PID=294) to work on /home/airflow/.local/lib/python3.8/site-packages/airflow/example_dags/tutorial_objectstorage.py
[2024-05-31T16:42:03.942+0000] {processor.py:830} INFO - Processing file /home/airflow/.local/lib/python3.8/site-packages/airflow/example_dags/tutorial_objectstorage.py for tasks to queue
[2024-05-31T16:42:03.943+0000] {logging_mixin.py:188} INFO - [2024-05-31T16:42:03.942+0000] {dagbag.py:538} INFO - Filling up the DagBag from /home/airflow/.local/lib/python3.8/site-packages/airflow/example_dags/tutorial_objectstorage.py
[2024-05-31T16:42:03.949+0000] {processor.py:840} INFO - DAG(s) 'tutorial_objectstorage' retrieved from /home/airflow/.local/lib/python3.8/site-packages/airflow/example_dags/tutorial_objectstorage.py
[2024-05-31T16:42:03.968+0000] {logging_mixin.py:188} INFO - [2024-05-31T16:42:03.967+0000] {dag.py:3036} INFO - Sync 1 DAGs
[2024-05-31T16:42:03.980+0000] {logging_mixin.py:188} INFO - [2024-05-31T16:42:03.979+0000] {dag.py:3823} INFO - Setting next_dagrun for tutorial_objectstorage to None, run_after=None
[2024-05-31T16:42:04.001+0000] {processor.py:183} INFO - Processing /home/airflow/.local/lib/python3.8/site-packages/airflow/example_dags/tutorial_objectstorage.py took 0.062 seconds
